Log file open, 01/20/20 16:58:20
LogWindows: Failed to load 'aqProf.dll' (GetLastError=126)
LogWindows: File 'aqProf.dll' does not exist
LogWindows: Failed to load 'VtuneApi.dll' (GetLastError=126)
LogWindows: File 'VtuneApi.dll' does not exist
LogWindows: Failed to load 'VtuneApi32e.dll' (GetLastError=126)
LogWindows: File 'VtuneApi32e.dll' does not exist
LogConsoleResponse: Display: Failed to find resolution value strings in scalability ini. Falling back to default.
LogInit: Display: Running engine for game: MortisProject115
LogPlatformFile: Not using cached read wrapper
LogTaskGraph: Started task graph with 5 named threads and 23 total threads with 3 sets of task threads.
LogStats: Stats thread started at 1.672310
LogD3D11RHI: Loaded GFSDK_Aftermath_Lib.x64.dll
LogICUInternationalization: ICU TimeZone Detection - Raw Offset: -6:00, Platform Override: ''
LogPluginManager: Mounting plugin Paper2D
LogPluginManager: Mounting plugin AISupport
LogPluginManager: Mounting plugin LightPropagationVolume
LogPluginManager: Mounting plugin ActorLayerUtilities
LogPluginManager: Mounting plugin AnimationSharing
LogPluginManager: Mounting plugin CLionSourceCodeAccess
LogPluginManager: Mounting plugin CodeLiteSourceCodeAccess
LogPluginManager: Mounting plugin GitSourceControl
LogPluginManager: Mounting plugin KDevelopSourceCodeAccess
LogPluginManager: Mounting plugin NullSourceCodeAccess
LogPluginManager: Mounting plugin PerforceSourceControl
LogPluginManager: Mounting plugin SubversionSourceControl
LogPluginManager: Mounting plugin UObjectPlugin
LogPluginManager: Mounting plugin VisualStudioCodeSourceCodeAccess
LogPluginManager: Mounting plugin VisualStudioSourceCodeAccess
LogPluginManager: Mounting plugin XCodeSourceCodeAccess
LogPluginManager: Mounting plugin AssetManagerEditor
LogPluginManager: Mounting plugin CryptoKeys
LogPluginManager: Mounting plugin CurveEditorTools
LogPluginManager: Mounting plugin DataValidation
LogPluginManager: Mounting plugin FacialAnimation
LogPluginManager: Mounting plugin GameplayTagsEditor
LogPluginManager: Mounting plugin MacGraphicsSwitching
LogPluginManager: Mounting plugin MaterialAnalyzer
LogPluginManager: Mounting plugin MobileLauncherProfileWizard
LogPluginManager: Mounting plugin PluginBrowser
LogPluginManager: Mounting plugin SpeedTreeImporter
LogPluginManager: Mounting plugin DatasmithContent
LogPluginManager: Mounting plugin VariantManagerContent
LogPluginManager: Mounting plugin AlembicImporter
LogPluginManager: Mounting plugin AutomationUtils
LogPluginManager: Mounting plugin BackChannel
LogPluginManager: Mounting plugin CharacterAI
LogPluginManager: Mounting plugin GeometryCache
LogPluginManager: Mounting plugin HTML5Networking
LogPluginManager: Mounting plugin PlatformCrypto
LogPluginManager: Mounting plugin ProxyLODPlugin
LogPluginManager: Mounting plugin SkeletalReduction
LogPluginManager: Mounting plugin MagicLeap
LogPluginManager: Mounting plugin MagicLeapMedia
LogPluginManager: Mounting plugin AndroidMedia
LogPluginManager: Mounting plugin AvfMedia
LogPluginManager: Mounting plugin ImgMedia
LogPluginManager: Mounting plugin MediaCompositing
LogPluginManager: Mounting plugin MediaPlayerEditor
LogPluginManager: Mounting plugin WebMMedia
LogPluginManager: Mounting plugin WmfMedia
LogPluginManager: Mounting plugin TcpMessaging
LogPluginManager: Mounting plugin UdpMessaging
LogPluginManager: Mounting plugin ActorSequence
LogPluginManager: Mounting plugin LevelSequenceEditor
LogPluginManager: Mounting plugin MatineeToLevelSequence
LogPluginManager: Mounting plugin NetcodeUnitTest
LogPluginManager: Mounting plugin NUTUnrealEngine4
LogPluginManager: Mounting plugin OnlineSubsystemGooglePlay
LogPluginManager: Mounting plugin OnlineSubsystemIOS
LogPluginManager: Mounting plugin OnlineSubsystem
LogPluginManager: Mounting plugin OnlineSubsystemNull
LogPluginManager: Mounting plugin OnlineSubsystemUtils
LogPluginManager: Mounting plugin LauncherChunkInstaller
LogPluginManager: Mounting plugin AndroidDeviceProfileSelector
LogPluginManager: Mounting plugin AndroidMoviePlayer
LogPluginManager: Mounting plugin AndroidPermission
LogPluginManager: Mounting plugin AppleImageUtils
LogPluginManager: Mounting plugin AppleMoviePlayer
LogPluginManager: Mounting plugin ArchVisCharacter
LogPluginManager: Mounting plugin AudioCapture
LogPluginManager: Mounting plugin CableComponent
LogPluginManager: Mounting plugin CustomMeshComponent
LogPluginManager: Mounting plugin EditableMesh
LogPluginManager: Mounting plugin ExampleDeviceProfileSelector
LogPluginManager: Mounting plugin GoogleCloudMessaging
LogPluginManager: Mounting plugin IOSDeviceProfileSelector
LogPluginManager: Mounting plugin LinuxDeviceProfileSelector
LogPluginManager: Mounting plugin LocationServicesBPLibrary
LogPluginManager: Mounting plugin MobilePatchingUtils
LogPluginManager: Mounting plugin OculusVR
LogPluginManager: Mounting plugin PhysXVehicles
LogPluginManager: Mounting plugin ProceduralMeshComponent
LogPluginManager: Mounting plugin RuntimePhysXCooking
LogPluginManager: Mounting plugin SignificanceManager
LogPluginManager: Mounting plugin SteamVR
LogPluginManager: Mounting plugin WebMMoviePlayer
LogPluginManager: Mounting plugin WindowsMoviePlayer
LogPluginManager: Mounting plugin ScreenshotTools
LogInit: Using libcurl 7.55.1-DEV
LogInit:  - built for x86_64-pc-win32
LogInit:  - supports SSL with OpenSSL/1.1.1
LogInit:  - supports HTTP deflate (compression) using libz 1.2.8
LogInit:  - other features:
LogInit:      CURL_VERSION_SSL
LogInit:      CURL_VERSION_LIBZ
LogInit:      CURL_VERSION_IPV6
LogInit:      CURL_VERSION_ASYNCHDNS
LogInit:      CURL_VERSION_LARGEFILE
LogInit:      CURL_VERSION_IDN
LogInit:  CurlRequestOptions (configurable via config and command line):
LogInit:  - bVerifyPeer = true  - Libcurl will verify peer certificate
LogInit:  - bUseHttpProxy = false  - Libcurl will NOT use HTTP proxy
LogInit:  - bDontReuseConnections = false  - Libcurl will reuse connections
LogInit:  - MaxHostConnections = 16  - Libcurl will limit the number of connections to a host
LogInit:  - LocalHostAddr = Default
LogInit:  - BufferSize = 65536
LogOnline: OSS: Creating online subsystem instance for: NULL
LogInit: WinSock: version 1.1 (2.2), MaxSocks=32767, MaxUdp=65467
LogInit: Build: ++UE4+Release-4.23-CL-9631420
LogInit: Engine Version: 4.23.1-9631420+++UE4+Release-4.23
LogInit: Compatible Engine Version: 4.23.0-8386587+++UE4+Release-4.23
LogInit: Net CL: 8386587
LogInit: OS: Windows 10 (Release 1909) (), CPU: Intel(R) Core(TM) i7-7700HQ CPU @ 2.80GHz, GPU: Intel(R) HD Graphics 630
LogInit: Compiled (64-bit): Oct 18 2019 02:07:44
LogInit: Compiled with Visual C++: 19.16.27030.01
LogInit: Build Configuration: Development
LogInit: Branch Name: ++UE4+Release-4.23
LogInit: Command Line: 
LogInit: Base Directory: D:/Program Files/Epic Games/UE_4.23/Engine/Binaries/Win64/
LogInit: Installed Engine Build: 1
LogDevObjectVersion: Number of dev versions registered: 23
LogDevObjectVersion:   Dev-Blueprints (B0D832E4-1F89-4F0D-ACCF-7EB736FD4AA2): 10
LogDevObjectVersion:   Dev-Build (E1C64328-A22C-4D53-A36C-8E866417BD8C): 0
LogDevObjectVersion:   Dev-Core (375EC13C-06E4-48FB-B500-84F0262A717E): 3
LogDevObjectVersion:   Dev-Editor (E4B068ED-F494-42E9-A231-DA0B2E46BB41): 34
LogDevObjectVersion:   Dev-Framework (CFFC743F-43B0-4480-9391-14DF171D2073): 35
LogDevObjectVersion:   Dev-Mobile (B02B49B5-BB20-44E9-A304-32B752E40360): 2
LogDevObjectVersion:   Dev-Networking (A4E4105C-59A1-49B5-A7C5-40C4547EDFEE): 0
LogDevObjectVersion:   Dev-Online (39C831C9-5AE6-47DC-9A44-9C173E1C8E7C): 0
LogDevObjectVersion:   Dev-Physics (78F01B33-EBEA-4F98-B9B4-84EACCB95AA2): 0
LogDevObjectVersion:   Dev-Platform (6631380F-2D4D-43E0-8009-CF276956A95A): 0
LogDevObjectVersion:   Dev-Rendering (12F88B9F-8875-4AFC-A67C-D90C383ABD29): 31
LogDevObjectVersion:   Dev-Sequencer (7B5AE74C-D270-4C10-A958-57980B212A5A): 11
LogDevObjectVersion:   Dev-VR (D7296918-1DD6-4BDD-9DE2-64A83CC13884): 2
LogDevObjectVersion:   Dev-LoadTimes (C2A15278-BFE7-4AFE-6C17-90FF531DF755): 1
LogDevObjectVersion:   Private-Geometry (6EACA3D4-40EC-4CC1-B786-8BED09428FC5): 3
LogDevObjectVersion:   Dev-AnimPhys (29E575DD-E0A3-4627-9D10-D276232CDCEA): 17
LogDevObjectVersion:   Dev-Anim (AF43A65D-7FD3-4947-9873-3E8ED9C1BB05): 2
LogDevObjectVersion:   Dev-ReflectionCapture (6B266CEC-1EC7-4B8F-A30B-E4D90942FC07): 1
LogDevObjectVersion:   Dev-Automation (0DF73D61-A23F-47EA-B727-89E90C41499A): 1
LogDevObjectVersion:   FortniteMain (601D1886-AC64-4F84-AA16-D3DE0DEAC7D6): 27
LogDevObjectVersion:   Dev-Enterprise (9DFFBCD6-494F-0158-E221-12823C92A888): 6
LogDevObjectVersion:   Dev-Niagara (F2AED0AC-9AFE-416F-8664-AA7FFA26D6FC): 1
LogDevObjectVersion:   Dev-Destruction (174F1F0B-B4C6-45A5-B13F-2EE8D0FB917D): 9
LogInit: Presizing for max 16777216 objects, including 0 objects not considered by GC, pre-allocating 0 bytes for permanent pool.
LogInit: Object subsystem initialized
LogConfig: Setting CVar [[con.DebugEarlyDefault:1]]
LogConfig: Setting CVar [[r.setres:1280x720]]
[2020.01.20-22.58.22:595][  0]LogConfig: Setting CVar [[r.VSync:0]]
[2020.01.20-22.58.22:595][  0]LogConfig: Setting CVar [[r.RHICmdBypass:0]]
[2020.01.20-22.58.22:595][  0]LogConfig: Applying CVar settings from Section [/Script/Engine.RendererSettings] File [D:/UnrealProjects/BPShotter115/MortisProject115/Saved/Config/Windows/Engine.ini]
[2020.01.20-22.58.22:595][  0]LogConfig: Setting CVar [[r.GPUCrashDebugging:0]]
[2020.01.20-22.58.22:595][  0]LogConfig: Applying CVar settings from Section [/Script/Engine.RendererOverrideSettings] File [D:/UnrealProjects/BPShotter115/MortisProject115/Saved/Config/Windows/Engine.ini]
[2020.01.20-22.58.22:595][  0]LogConfig: Applying CVar settings from Section [/Script/Engine.StreamingSettings] File [D:/UnrealProjects/BPShotter115/MortisProject115/Saved/Config/Windows/Engine.ini]
[2020.01.20-22.58.22:595][  0]LogConfig: Setting CVar [[s.MinBulkDataSizeForAsyncLoading:131072]]
[2020.01.20-22.58.22:595][  0]LogConfig: Setting CVar [[s.AsyncLoadingThreadEnabled:0]]
[2020.01.20-22.58.22:595][  0]LogConfig: Setting CVar [[s.EventDrivenLoaderEnabled:1]]
[2020.01.20-22.58.22:595][  0]LogConfig: Setting CVar [[s.WarnIfTimeLimitExceeded:0]]
[2020.01.20-22.58.22:595][  0]LogConfig: Setting CVar [[s.TimeLimitExceededMultiplier:1.5]]
[2020.01.20-22.58.22:595][  0]LogConfig: Setting CVar [[s.TimeLimitExceededMinTime:0.005]]
[2020.01.20-22.58.22:595][  0]LogConfig: Setting CVar [[s.UseBackgroundLevelStreaming:1]]
[2020.01.20-22.58.22:595][  0]LogConfig: Setting CVar [[s.PriorityAsyncLoadingExtraTime:15.0]]
[2020.01.20-22.58.22:595][  0]LogConfig: Setting CVar [[s.LevelStreamingActorsUpdateTimeLimit:5.0]]
[2020.01.20-22.58.22:595][  0]LogConfig: Setting CVar [[s.PriorityLevelStreamingActorsUpdateExtraTime:5.0]]
[2020.01.20-22.58.22:595][  0]LogConfig: Setting CVar [[s.LevelStreamingComponentsRegistrationGranularity:10]]
[2020.01.20-22.58.22:595][  0]LogConfig: Setting CVar [[s.UnregisterComponentsTimeLimit:1.0]]
[2020.01.20-22.58.22:595][  0]LogConfig: Setting CVar [[s.LevelStreamingComponentsUnregistrationGranularity:5]]
[2020.01.20-22.58.22:595][  0]LogConfig: Applying CVar settings from Section [/Script/Engine.GarbageCollectionSettings] File [D:/UnrealProjects/BPShotter115/MortisProject115/Saved/Config/Windows/Engine.ini]
[2020.01.20-22.58.22:595][  0]LogConfig: Setting CVar [[gc.MaxObjectsNotConsideredByGC:1]]
[2020.01.20-22.58.22:595][  0]LogConfig: Setting CVar [[gc.SizeOfPermanentObjectPool:0]]
[2020.01.20-22.58.22:595][  0]LogConfig: Setting CVar [[gc.FlushStreamingOnGC:0]]
[2020.01.20-22.58.22:595][  0]LogConfig: Setting CVar [[gc.NumRetriesBeforeForcingGC:10]]
[2020.01.20-22.58.22:595][  0]LogConfig: Setting CVar [[gc.AllowParallelGC:1]]
[2020.01.20-22.58.22:595][  0]LogConfig: Setting CVar [[gc.TimeBetweenPurgingPendingKillObjects:61.1]]
[2020.01.20-22.58.22:595][  0]LogConfig: Setting CVar [[gc.MaxObjectsInEditor:16777216]]
[2020.01.20-22.58.22:595][  0]LogConfig: Setting CVar [[gc.IncrementalBeginDestroyEnabled:1]]
[2020.01.20-22.58.22:595][  0]LogConfig: Setting CVar [[gc.CreateGCClusters:1]]
[2020.01.20-22.58.22:595][  0]LogConfig: Setting CVar [[gc.MinGCClusterSize:5]]
[2020.01.20-22.58.22:595][  0]LogConfig: Setting CVar [[gc.ActorClusteringEnabled:0]]
[2020.01.20-22.58.22:595][  0]LogConfig: Setting CVar [[gc.BlueprintClusteringEnabled:0]]
[2020.01.20-22.58.22:596][  0]LogConfig: Setting CVar [[gc.UseDisregardForGCOnDedicatedServers:0]]
[2020.01.20-22.58.22:596][  0]LogConfig: Applying CVar settings from Section [/Script/Engine.NetworkSettings] File [D:/UnrealProjects/BPShotter115/MortisProject115/Saved/Config/Windows/Engine.ini]
[2020.01.20-22.58.22:596][  0]LogConfig: Applying CVar settings from Section [/Script/UnrealEd.CookerSettings] File [D:/UnrealProjects/BPShotter115/MortisProject115/Saved/Config/Windows/Engine.ini]
[2020.01.20-22.58.22:600][  0]LogConfig: Applying CVar settings from Section [ViewDistanceQuality@3] File [D:/UnrealProjects/BPShotter115/MortisProject115/Saved/Config/Windows/Scalability.ini]
[2020.01.20-22.58.22:600][  0]LogConfig: Setting CVar [[r.SkeletalMeshLODBias:0]]
[2020.01.20-22.58.22:600][  0]LogConfig: Setting CVar [[r.ViewDistanceScale:1.0]]
[2020.01.20-22.58.22:600][  0]LogConfig: Applying CVar settings from Section [AntiAliasingQuality@3] File [D:/UnrealProjects/BPShotter115/MortisProject115/Saved/Config/Windows/Scalability.ini]
[2020.01.20-22.58.22:600][  0]LogConfig: Setting CVar [[r.PostProcessAAQuality:4]]
[2020.01.20-22.58.22:600][  0]LogConfig: Applying CVar settings from Section [ShadowQuality@3] File [D:/UnrealProjects/BPShotter115/MortisProject115/Saved/Config/Windows/Scalability.ini]
[2020.01.20-22.58.22:600][  0]LogConfig: Setting CVar [[r.LightFunctionQuality:1]]
[2020.01.20-22.58.22:600][  0]LogConfig: Setting CVar [[r.ShadowQuality:5]]
[2020.01.20-22.58.22:600][  0]LogConfig: Setting CVar [[r.Shadow.CSM.MaxCascades:10]]
[2020.01.20-22.58.22:600][  0]LogConfig: Setting CVar [[r.Shadow.MaxResolution:2048]]
[2020.01.20-22.58.22:600][  0]LogConfig: Setting CVar [[r.Shadow.MaxCSMResolution:2048]]
[2020.01.20-22.58.22:600][  0]LogConfig: Setting CVar [[r.Shadow.RadiusThreshold:0.01]]
[2020.01.20-22.58.22:600][  0]LogConfig: Setting CVar [[r.Shadow.DistanceScale:1.0]]
[2020.01.20-22.58.22:600][  0]LogConfig: Setting CVar [[r.Shadow.CSM.TransitionScale:1.0]]
[2020.01.20-22.58.22:600][  0]LogConfig: Setting CVar [[r.Shadow.PreShadowResolutionFactor:1.0]]
[2020.01.20-22.58.22:600][  0]LogConfig: Setting CVar [[r.DistanceFieldShadowing:1]]
[2020.01.20-22.58.22:601][  0]LogConfig: Setting CVar [[r.DistanceFieldAO:1]]
[2020.01.20-22.58.22:601][  0]LogConfig: Setting CVar [[r.AOQuality:2]]
[2020.01.20-22.58.22:601][  0]LogConfig: Setting CVar [[r.VolumetricFog:1]]
[2020.01.20-22.58.22:601][  0]LogConfig: Setting CVar [[r.VolumetricFog.GridPixelSize:8]]
[2020.01.20-22.58.22:601][  0]LogConfig: Setting CVar [[r.VolumetricFog.GridSizeZ:128]]
[2020.01.20-22.58.22:601][  0]LogConfig: Setting CVar [[r.VolumetricFog.HistoryMissSupersampleCount:4]]
[2020.01.20-22.58.22:601][  0]LogConfig: Setting CVar [[r.LightMaxDrawDistanceScale:1]]
[2020.01.20-22.58.22:601][  0]LogConfig: Setting CVar [[r.CapsuleShadows:1]]
[2020.01.20-22.58.22:601][  0]LogConfig: Applying CVar settings from Section [PostProcessQuality@3] File [D:/UnrealProjects/BPShotter115/MortisProject115/Saved/Config/Windows/Scalability.ini]
[2020.01.20-22.58.22:601][  0]LogConfig: Setting CVar [[r.MotionBlurQuality:4]]
[2020.01.20-22.58.22:601][  0]LogConfig: Setting CVar [[r.AmbientOcclusionMipLevelFactor:0.4]]
[2020.01.20-22.58.22:601][  0]LogConfig: Setting CVar [[r.AmbientOcclusionMaxQuality:100]]
[2020.01.20-22.58.22:601][  0]LogConfig: Setting CVar [[r.AmbientOcclusionLevels:-1]]
[2020.01.20-22.58.22:601][  0]LogConfig: Setting CVar [[r.AmbientOcclusionRadiusScale:1.0]]
[2020.01.20-22.58.22:601][  0]LogConfig: Setting CVar [[r.DepthOfFieldQuality:2]]
[2020.01.20-22.58.22:601][  0]LogConfig: Setting CVar [[r.RenderTargetPoolMin:400]]
[2020.01.20-22.58.22:601][  0]LogConfig: Setting CVar [[r.LensFlareQuality:2]]
[2020.01.20-22.58.22:601][  0]LogConfig: Setting CVar [[r.SceneColorFringeQuality:1]]
[2020.01.20-22.58.22:601][  0]LogConfig: Setting CVar [[r.EyeAdaptationQuality:2]]
[2020.01.20-22.58.22:601][  0]LogConfig: Setting CVar [[r.BloomQuality:5]]
[2020.01.20-22.58.22:601][  0]LogConfig: Setting CVar [[r.FastBlurThreshold:100]]
[2020.01.20-22.58.22:601][  0]LogConfig: Setting CVar [[r.Upscale.Quality:3]]
[2020.01.20-22.58.22:601][  0]LogConfig: Setting CVar [[r.Tonemapper.GrainQuantization:1]]
[2020.01.20-22.58.22:601][  0]LogConfig: Setting CVar [[r.LightShaftQuality:1]]
[2020.01.20-22.58.22:601][  0]LogConfig: Setting CVar [[r.Filter.SizeScale:1]]
[2020.01.20-22.58.22:601][  0]LogConfig: Setting CVar [[r.Tonemapper.Quality:5]]
[2020.01.20-22.58.22:601][  0]LogConfig: Setting CVar [[r.DOF.Gather.AccumulatorQuality:1        ; higher gathering accumulator quality]]
[2020.01.20-22.58.22:601][  0]LogConfig: Setting CVar [[r.DOF.Gather.PostfilterMethod:1          ; Median3x3 postfilering method]]
[2020.01.20-22.58.22:601][  0]LogConfig: Setting CVar [[r.DOF.Gather.EnableBokehSettings:0       ; no bokeh simulation when gathering]]
[2020.01.20-22.58.22:601][  0]LogConfig: Setting CVar [[r.DOF.Gather.RingCount:4                 ; medium number of samples when gathering]]
[2020.01.20-22.58.22:601][  0]LogConfig: Setting CVar [[r.DOF.Scatter.ForegroundCompositing:1    ; additive foreground scattering]]
[2020.01.20-22.58.22:601][  0]LogConfig: Setting CVar [[r.DOF.Scatter.BackgroundCompositing:2    ; additive background scattering]]
[2020.01.20-22.58.22:601][  0]LogConfig: Setting CVar [[r.DOF.Scatter.EnableBokehSettings:1      ; bokeh simulation when scattering]]
[2020.01.20-22.58.22:601][  0]LogConfig: Setting CVar [[r.DOF.Scatter.MaxSpriteRatio:0.1         ; only a maximum of 10% of scattered bokeh]]
[2020.01.20-22.58.22:601][  0]LogConfig: Setting CVar [[r.DOF.Recombine.Quality:1                ; cheap slight out of focus]]
[2020.01.20-22.58.22:601][  0]LogConfig: Setting CVar [[r.DOF.Recombine.EnableBokehSettings:0    ; no bokeh simulation on slight out of focus]]
[2020.01.20-22.58.22:601][  0]LogConfig: Setting CVar [[r.DOF.TemporalAAQuality:1                ; more stable temporal accumulation]]
[2020.01.20-22.58.22:601][  0]LogConfig: Setting CVar [[r.DOF.Kernel.MaxForegroundRadius:0.025]]
[2020.01.20-22.58.22:601][  0]LogConfig: Setting CVar [[r.DOF.Kernel.MaxBackgroundRadius:0.025]]
[2020.01.20-22.58.22:601][  0]LogConfig: Applying CVar settings from Section [TextureQuality@3] File [D:/UnrealProjects/BPShotter115/MortisProject115/Saved/Config/Windows/Scalability.ini]
[2020.01.20-22.58.22:601][  0]LogConfig: Setting CVar [[r.Streaming.MipBias:0]]
[2020.01.20-22.58.22:601][  0]LogConfig: Setting CVar [[r.Streaming.AmortizeCPUToGPUCopy:0]]
[2020.01.20-22.58.22:601][  0]LogConfig: Setting CVar [[r.Streaming.MaxNumTexturesToStreamPerFrame:0]]
[2020.01.20-22.58.22:601][  0]LogConfig: Setting CVar [[r.Streaming.Boost:1]]
[2020.01.20-22.58.22:601][  0]LogConfig: Setting CVar [[r.MaxAnisotropy:8]]
[2020.01.20-22.58.22:601][  0]LogConfig: Setting CVar [[r.Streaming.LimitPoolSizeToVRAM:0]]
[2020.01.20-22.58.22:601][  0]LogConfig: Setting CVar [[r.Streaming.PoolSize:1000]]
[2020.01.20-22.58.22:601][  0]LogConfig: Setting CVar [[r.Streaming.MaxEffectiveScreenSize:0]]
[2020.01.20-22.58.22:601][  0]LogConfig: Applying CVar settings from Section [EffectsQuality@3] File [D:/UnrealProjects/BPShotter115/MortisProject115/Saved/Config/Windows/Scalability.ini]
[2020.01.20-22.58.22:601][  0]LogConfig: Setting CVar [[r.TranslucencyLightingVolumeDim:64]]
[2020.01.20-22.58.22:601][  0]LogConfig: Setting CVar [[r.RefractionQuality:2]]
[2020.01.20-22.58.22:601][  0]LogConfig: Setting CVar [[r.SSR.Quality:3]]
[2020.01.20-22.58.22:601][  0]LogConfig: Setting CVar [[r.SceneColorFormat:4]]
[2020.01.20-22.58.22:601][  0]LogConfig: Setting CVar [[r.DetailMode:2]]
[2020.01.20-22.58.22:601][  0]LogConfig: Setting CVar [[r.TranslucencyVolumeBlur:1]]
[2020.01.20-22.58.22:601][  0]LogConfig: Setting CVar [[r.MaterialQualityLevel:1 ; High quality]]
[2020.01.20-22.58.22:601][  0]LogConfig: Setting CVar [[r.SSS.Scale:1]]
[2020.01.20-22.58.22:601][  0]LogConfig: Setting CVar [[r.SSS.SampleSet:2]]
[2020.01.20-22.58.22:601][  0]LogConfig: Setting CVar [[r.SSS.Quality:1]]
[2020.01.20-22.58.22:601][  0]LogConfig: Setting CVar [[r.SSS.HalfRes:1]]
[2020.01.20-22.58.22:601][  0]LogConfig: Setting CVar [[r.EmitterSpawnRateScale:1.0]]
[2020.01.20-22.58.22:601][  0]LogConfig: Setting CVar [[r.ParticleLightQuality:2]]
[2020.01.20-22.58.22:601][  0]LogConfig: Applying CVar settings from Section [FoliageQuality@3] File [D:/UnrealProjects/BPShotter115/MortisProject115/Saved/Config/Windows/Scalability.ini]
[2020.01.20-22.58.22:602][  0]LogConfig: Setting CVar [[foliage.DensityScale:1.0]]
[2020.01.20-22.58.22:602][  0]LogConfig: Setting CVar [[grass.DensityScale:1.0]]
[2020.01.20-22.58.22:602][  0]LogInit: Selected Device Profile: [Windows]
[2020.01.20-22.58.22:602][  0]LogInit: Applying CVar settings loaded from the selected device profile: [Windows]
[2020.01.20-22.58.22:618][  0]LogHAL: Display: Platform has ~ 16 GB [17062100992 / 17179869184 / 16], which maps to Larger [LargestMinGB=32, LargerMinGB=12, DefaultMinGB=8, SmallerMinGB=6, SmallestMinGB=0)
[2020.01.20-22.58.22:619][  0]LogInit: Going up to parent DeviceProfile []
[2020.01.20-22.58.22:619][  0]LogConfig: Applying CVar settings from Section [ViewDistanceQuality@3] File [D:/UnrealProjects/BPShotter115/MortisProject115/Saved/Config/Windows/Scalability.ini]
[2020.01.20-22.58.22:619][  0]LogConfig: Setting CVar [[r.SkeletalMeshLODBias:0]]
[2020.01.20-22.58.22:619][  0]LogConfig: Setting CVar [[r.ViewDistanceScale:1.0]]
[2020.01.20-22.58.22:619][  0]LogConfig: Applying CVar settings from Section [AntiAliasingQuality@3] File [D:/UnrealProjects/BPShotter115/MortisProject115/Saved/Config/Windows/Scalability.ini]
[2020.01.20-22.58.22:619][  0]LogConfig: Setting CVar [[r.PostProcessAAQuality:4]]
[2020.01.20-22.58.22:619][  0]LogConfig: Applying CVar settings from Section [ShadowQuality@3] File [D:/UnrealProjects/BPShotter115/MortisProject115/Saved/Config/Windows/Scalability.ini]
[2020.01.20-22.58.22:619][  0]LogConfig: Setting CVar [[r.LightFunctionQuality:1]]
[2020.01.20-22.58.22:619][  0]LogConfig: Setting CVar [[r.ShadowQuality:5]]
[2020.01.20-22.58.22:619][  0]LogConfig: Setting CVar [[r.Shadow.CSM.MaxCascades:10]]
[2020.01.20-22.58.22:619][  0]LogConfig: Setting CVar [[r.Shadow.MaxResolution:2048]]
[2020.01.20-22.58.22:619][  0]LogConfig: Setting CVar [[r.Shadow.MaxCSMResolution:2048]]
[2020.01.20-22.58.22:619][  0]LogConfig: Setting CVar [[r.Shadow.RadiusThreshold:0.01]]
[2020.01.20-22.58.22:619][  0]LogConfig: Setting CVar [[r.Shadow.DistanceScale:1.0]]
[2020.01.20-22.58.22:619][  0]LogConfig: Setting CVar [[r.Shadow.CSM.TransitionScale:1.0]]
[2020.01.20-22.58.22:619][  0]LogConfig: Setting CVar [[r.Shadow.PreShadowResolutionFactor:1.0]]
[2020.01.20-22.58.22:619][  0]LogConfig: Setting CVar [[r.DistanceFieldShadowing:1]]
[2020.01.20-22.58.22:619][  0]LogConfig: Setting CVar [[r.DistanceFieldAO:1]]
[2020.01.20-22.58.22:619][  0]LogConfig: Setting CVar [[r.AOQuality:2]]
[2020.01.20-22.58.22:619][  0]LogConfig: Setting CVar [[r.VolumetricFog:1]]
[2020.01.20-22.58.22:619][  0]LogConfig: Setting CVar [[r.VolumetricFog.GridPixelSize:8]]
[2020.01.20-22.58.22:619][  0]LogConfig: Setting CVar [[r.VolumetricFog.GridSizeZ:128]]
[2020.01.20-22.58.22:619][  0]LogConfig: Setting CVar [[r.VolumetricFog.HistoryMissSupersampleCount:4]]
[2020.01.20-22.58.22:619][  0]LogConfig: Setting CVar [[r.LightMaxDrawDistanceScale:1]]
[2020.01.20-22.58.22:619][  0]LogConfig: Setting CVar [[r.CapsuleShadows:1]]
[2020.01.20-22.58.22:619][  0]LogConfig: Applying CVar settings from Section [PostProcessQuality@3] File [D:/UnrealProjects/BPShotter115/MortisProject115/Saved/Config/Windows/Scalability.ini]
[2020.01.20-22.58.22:619][  0]LogConfig: Setting CVar [[r.MotionBlurQuality:4]]
[2020.01.20-22.58.22:619][  0]LogConfig: Setting CVar [[r.AmbientOcclusionMipLevelFactor:0.4]]
[2020.01.20-22.58.22:619][  0]LogConfig: Setting CVar [[r.AmbientOcclusionMaxQuality:100]]
[2020.01.20-22.58.22:619][  0]LogConfig: Setting CVar [[r.AmbientOcclusionLevels:-1]]
[2020.01.20-22.58.22:619][  0]LogConfig: Setting CVar [[r.AmbientOcclusionRadiusScale:1.0]]
[2020.01.20-22.58.22:619][  0]LogConfig: Setting CVar [[r.DepthOfFieldQuality:2]]
[2020.01.20-22.58.22:619][  0]LogConfig: Setting CVar [[r.RenderTargetPoolMin:400]]
[2020.01.20-22.58.22:619][  0]LogConfig: Setting CVar [[r.LensFlareQuality:2]]
[2020.01.20-22.58.22:619][  0]LogConfig: Setting CVar [[r.SceneColorFringeQuality:1]]
[2020.01.20-22.58.22:619][  0]LogConfig: Setting CVar [[r.EyeAdaptationQuality:2]]
[2020.01.20-22.58.22:619][  0]LogConfig: Setting CVar [[r.BloomQuality:5]]
[2020.01.20-22.58.22:619][  0]LogConfig: Setting CVar [[r.FastBlurThreshold:100]]
[2020.01.20-22.58.22:619][  0]LogConfig: Setting CVar [[r.Upscale.Quality:3]]
[2020.01.20-22.58.22:619][  0]LogConfig: Setting CVar [[r.Tonemapper.GrainQuantization:1]]
[2020.01.20-22.58.22:619][  0]LogConfig: Setting CVar [[r.LightShaftQuality:1]]
[2020.01.20-22.58.22:619][  0]LogConfig: Setting CVar [[r.Filter.SizeScale:1]]
[2020.01.20-22.58.22:619][  0]LogConfig: Setting CVar [[r.Tonemapper.Quality:5]]
[2020.01.20-22.58.22:619][  0]LogConfig: Setting CVar [[r.DOF.Gather.AccumulatorQuality:1        ; higher gathering accumulator quality]]
[2020.01.20-22.58.22:619][  0]LogConfig: Setting CVar [[r.DOF.Gather.PostfilterMethod:1          ; Median3x3 postfilering method]]
[2020.01.20-22.58.22:619][  0]LogConfig: Setting CVar [[r.DOF.Gather.EnableBokehSettings:0       ; no bokeh simulation when gathering]]
[2020.01.20-22.58.22:619][  0]LogConfig: Setting CVar [[r.DOF.Gather.RingCount:4                 ; medium number of samples when gathering]]
[2020.01.20-22.58.22:619][  0]LogConfig: Setting CVar [[r.DOF.Scatter.ForegroundCompositing:1    ; additive foreground scattering]]
[2020.01.20-22.58.22:619][  0]LogConfig: Setting CVar [[r.DOF.Scatter.BackgroundCompositing:2    ; additive background scattering]]
[2020.01.20-22.58.22:619][  0]LogConfig: Setting CVar [[r.DOF.Scatter.EnableBokehSettings:1      ; bokeh simulation when scattering]]
[2020.01.20-22.58.22:619][  0]LogConfig: Setting CVar [[r.DOF.Scatter.MaxSpriteRatio:0.1         ; only a maximum of 10% of scattered bokeh]]
[2020.01.20-22.58.22:619][  0]LogConfig: Setting CVar [[r.DOF.Recombine.Quality:1                ; cheap slight out of focus]]
[2020.01.20-22.58.22:619][  0]LogConfig: Setting CVar [[r.DOF.Recombine.EnableBokehSettings:0    ; no bokeh simulation on slight out of focus]]
[2020.01.20-22.58.22:619][  0]LogConfig: Setting CVar [[r.DOF.TemporalAAQuality:1                ; more stable temporal accumulation]]
[2020.01.20-22.58.22:619][  0]LogConfig: Setting CVar [[r.DOF.Kernel.MaxForegroundRadius:0.025]]
[2020.01.20-22.58.22:619][  0]LogConfig: Setting CVar [[r.DOF.Kernel.MaxBackgroundRadius:0.025]]
[2020.01.20-22.58.22:619][  0]LogConfig: Applying CVar settings from Section [TextureQuality@3] File [D:/UnrealProjects/BPShotter115/MortisProject115/Saved/Config/Windows/Scalability.ini]
[2020.01.20-22.58.22:619][  0]LogConfig: Setting CVar [[r.Streaming.MipBias:0]]
[2020.01.20-22.58.22:619][  0]LogConfig: Setting CVar [[r.Streaming.AmortizeCPUToGPUCopy:0]]
[2020.01.20-22.58.22:619][  0]LogConfig: Setting CVar [[r.Streaming.MaxNumTexturesToStreamPerFrame:0]]
[2020.01.20-22.58.22:619][  0]LogConfig: Setting CVar [[r.Streaming.Boost:1]]
[2020.01.20-22.58.22:619][  0]LogConfig: Setting CVar [[r.MaxAnisotropy:8]]
[2020.01.20-22.58.22:619][  0]LogConfig: Setting CVar [[r.Streaming.LimitPoolSizeToVRAM:0]]
[2020.01.20-22.58.22:619][  0]LogConfig: Setting CVar [[r.Streaming.PoolSize:1000]]
[2020.01.20-22.58.22:620][  0]LogConfig: Setting CVar [[r.Streaming.MaxEffectiveScreenSize:0]]
[2020.01.20-22.58.22:620][  0]LogConfig: Applying CVar settings from Section [EffectsQuality@3] File [D:/UnrealProjects/BPShotter115/MortisProject115/Saved/Config/Windows/Scalability.ini]
[2020.01.20-22.58.22:620][  0]LogConfig: Setting CVar [[r.TranslucencyLightingVolumeDim:64]]
[2020.01.20-22.58.22:620][  0]LogConfig: Setting CVar [[r.RefractionQuality:2]]
[2020.01.20-22.58.22:620][  0]LogConfig: Setting CVar [[r.SSR.Quality:3]]
[2020.01.20-22.58.22:620][  0]LogConfig: Setting CVar [[r.SceneColorFormat:4]]
[2020.01.20-22.58.22:620][  0]LogConfig: Setting CVar [[r.DetailMode:2]]
[2020.01.20-22.58.22:620][  0]LogConfig: Setting CVar [[r.TranslucencyVolumeBlur:1]]
[2020.01.20-22.58.22:620][  0]LogConfig: Setting CVar [[r.MaterialQualityLevel:1 ; High quality]]
[2020.01.20-22.58.22:620][  0]LogConfig: Setting CVar [[r.SSS.Scale:1]]
[2020.01.20-22.58.22:620][  0]LogConfig: Setting CVar [[r.SSS.SampleSet:2]]
[2020.01.20-22.58.22:620][  0]LogConfig: Setting CVar [[r.SSS.Quality:1]]
[2020.01.20-22.58.22:620][  0]LogConfig: Setting CVar [[r.SSS.HalfRes:1]]
[2020.01.20-22.58.22:620][  0]LogConfig: Setting CVar [[r.EmitterSpawnRateScale:1.0]]
[2020.01.20-22.58.22:620][  0]LogConfig: Setting CVar [[r.ParticleLightQuality:2]]
[2020.01.20-22.58.22:620][  0]LogConfig: Applying CVar settings from Section [FoliageQuality@3] File [D:/UnrealProjects/BPShotter115/MortisProject115/Saved/Config/Windows/Scalability.ini]
[2020.01.20-22.58.22:620][  0]LogConfig: Setting CVar [[foliage.DensityScale:1.0]]
[2020.01.20-22.58.22:620][  0]LogConfig: Setting CVar [[grass.DensityScale:1.0]]
[2020.01.20-22.58.22:620][  0]LogConfig: Applying CVar settings from Section [Startup] File [../../../Engine/Config/ConsoleVariables.ini]
[2020.01.20-22.58.22:621][  0]LogConfig: Setting CVar [[net.UseAdaptiveNetUpdateFrequency:0]]
[2020.01.20-22.58.22:621][  0]LogConfig: Setting CVar [[p.chaos.AllowCreatePhysxBodies:1]]
[2020.01.20-22.58.22:621][  0]LogConfig: Applying CVar settings from Section [ConsoleVariables] File [D:/UnrealProjects/BPShotter115/MortisProject115/Saved/Config/Windows/Engine.ini]
[2020.01.20-22.58.22:621][  0]LogInit: Computer: MSI
[2020.01.20-22.58.22:621][  0]LogInit: User: FelipeGasca
[2020.01.20-22.58.22:621][  0]LogInit: CPU Page size=4096, Cores=4
[2020.01.20-22.58.22:621][  0]LogInit: High frequency timer resolution =10.000000 MHz
[2020.01.20-22.58.22:621][  0]LogMemory: Memory total: Physical=15.9GB (16GB approx)
[2020.01.20-22.58.22:621][  0]LogMemory: Platform Memory Stats for Windows
[2020.01.20-22.58.22:621][  0]LogMemory: Process Physical Memory: 101.65 MB used, 101.66 MB peak
[2020.01.20-22.58.22:621][  0]LogMemory: Process Virtual Memory: 100.76 MB used, 100.76 MB peak
[2020.01.20-22.58.22:621][  0]LogMemory: Physical Memory: 10671.00 MB used,  5600.69 MB free, 16271.69 MB total
[2020.01.20-22.58.22:621][  0]LogMemory: Virtual Memory: 4669.43 MB used,  134213056.00 MB free, 134217728.00 MB total
[2020.01.20-22.58.22:627][  0]LogWindows: WindowsPlatformFeatures enabled
[2020.01.20-22.58.22:992][  0]LogInit: Overriding language with editor language configuration option (en).
[2020.01.20-22.58.22:992][  0]LogInit: Overriding locale with editor locale configuration option (en).
[2020.01.20-22.58.23:725][  0]LogInit: Setting process to per monitor DPI aware
[2020.01.20-22.58.23:931][  0]LogSlate: New Slate User Created.  User Index 0, Is Virtual User: 0
[2020.01.20-22.58.23:931][  0]LogSlate: Slate User Registered.  User Index 0, Is Virtual User: 0
[2020.01.20-22.58.27:302][  0]LogHMD: Failed to initialize OpenVR with code 110
[2020.01.20-22.58.27:302][  0]LogD3D11RHI: D3D11 adapters:
[2020.01.20-22.58.27:498][  0]LogD3D11RHI:    0. 'NVIDIA GeForce GTX 1060' (Feature Level 11_0)
[2020.01.20-22.58.27:498][  0]LogD3D11RHI:       6052/0/8135 MB DedicatedVideo/DedicatedSystem/SharedSystem, Outputs:1, VendorId:0x10de
[2020.01.20-22.58.27:515][  0]LogD3D11RHI:    1. 'Intel(R) HD Graphics 630' (Feature Level 11_0)
[2020.01.20-22.58.27:515][  0]LogD3D11RHI:       128/0/8135 MB DedicatedVideo/DedicatedSystem/SharedSystem, Outputs:0, VendorId:0x8086
[2020.01.20-22.58.27:524][  0]LogD3D11RHI:    2. 'Microsoft Basic Render Driver' (Feature Level 11_0)
[2020.01.20-22.58.27:524][  0]LogD3D11RHI:       0/0/8135 MB DedicatedVideo/DedicatedSystem/SharedSystem, Outputs:0, VendorId:0x1414
[2020.01.20-22.58.27:524][  0]LogD3D11RHI: Chosen D3D11 Adapter: 0
[2020.01.20-22.58.27:563][  0]LogD3D11RHI: Creating new Direct3DDevice
[2020.01.20-22.58.27:563][  0]LogD3D11RHI:     GPU DeviceId: 0x1c20 (for the marketing name, search the web for "GPU Device Id")
[2020.01.20-22.58.27:563][  0]LogWindows: EnumDisplayDevices:
[2020.01.20-22.58.27:563][  0]LogWindows:    0. 'Intel(R) HD Graphics 630' (P:1 D:1)
[2020.01.20-22.58.27:564][  0]LogWindows:    1. 'Intel(R) HD Graphics 630' (P:0 D:0)
[2020.01.20-22.58.27:565][  0]LogWindows:    2. 'Intel(R) HD Graphics 630' (P:0 D:0)
[2020.01.20-22.58.27:565][  0]LogWindows:    3. 'NVIDIA GeForce GTX 1060' (P:0 D:0)
[2020.01.20-22.58.27:565][  0]LogWindows:    4. 'NVIDIA GeForce GTX 1060' (P:0 D:0)
[2020.01.20-22.58.27:566][  0]LogWindows:    5. 'NVIDIA GeForce GTX 1060' (P:0 D:0)
[2020.01.20-22.58.27:567][  0]LogWindows:    6. 'NVIDIA GeForce GTX 1060' (P:0 D:0)
[2020.01.20-22.58.27:567][  0]LogWindows: DebugString: PrimaryIsNotTheChoosenAdapter PrimaryIsNotTheChoosenAdapter PrimaryIsNotTheChoosenAdapter FoundDriverCount:4 
[2020.01.20-22.58.27:567][  0]LogD3D11RHI:     Adapter Name: NVIDIA GeForce GTX 1060
[2020.01.20-22.58.27:567][  0]LogD3D11RHI:   Driver Version: 441.66 (internal:26.21.14.4166, unified:441.66)
[2020.01.20-22.58.27:567][  0]LogD3D11RHI:      Driver Date: 12-6-2019
[2020.01.20-22.58.27:567][  0]LogRHI: Texture pool is 4236 MB (70% of 6052 MB)
[2020.01.20-22.58.27:624][  0]LogD3D11RHI: Async texture creation enabled
[2020.01.20-22.58.27:641][  0]LogD3D11RHI: GPU Timing Frequency: 1000.000000 (Debug: 2 1)
[2020.01.20-22.58.28:607][  0]LogTemp: Display: Module 'AllDesktopTargetPlatform' loaded TargetPlatform 'AllDesktop'
[2020.01.20-22.58.28:629][  0]LogTemp: Display: Module 'MacClientTargetPlatform' loaded TargetPlatform 'MacClient'
[2020.01.20-22.58.28:653][  0]LogTemp: Display: Module 'MacNoEditorTargetPlatform' loaded TargetPlatform 'MacNoEditor'
[2020.01.20-22.58.28:675][  0]LogTemp: Display: Module 'MacServerTargetPlatform' loaded TargetPlatform 'MacServer'
[2020.01.20-22.58.28:863][  0]LogTemp: Display: Module 'MacTargetPlatform' loaded TargetPlatform 'Mac'
[2020.01.20-22.58.28:915][  0]LogTemp: Display: Module 'WindowsClientTargetPlatform' loaded TargetPlatform 'WindowsClient'
[2020.01.20-22.58.28:949][  0]LogTemp: Display: Module 'WindowsNoEditorTargetPlatform' loaded TargetPlatform 'WindowsNoEditor'
[2020.01.20-22.58.28:963][  0]LogTemp: Display: Module 'WindowsServerTargetPlatform' loaded TargetPlatform 'WindowsServer'
[2020.01.20-22.58.28:978][  0]LogTemp: Display: Module 'WindowsTargetPlatform' loaded TargetPlatform 'Windows'
[2020.01.20-22.58.29:055][  0]LogTemp: Display: Module 'AndroidTargetPlatform' loaded TargetPlatform 'Android'
[2020.01.20-22.58.29:055][  0]LogTemp: Display: Module 'AndroidTargetPlatform' loaded TargetPlatform 'Android_ASTC'
[2020.01.20-22.58.29:055][  0]LogTemp: Display: Module 'AndroidTargetPlatform' loaded TargetPlatform 'Android_ATC'
[2020.01.20-22.58.29:055][  0]LogTemp: Display: Module 'AndroidTargetPlatform' loaded TargetPlatform 'Android_DXT'
[2020.01.20-22.58.29:055][  0]LogTemp: Display: Module 'AndroidTargetPlatform' loaded TargetPlatform 'Android_ETC1'
[2020.01.20-22.58.29:055][  0]LogTemp: Display: Module 'AndroidTargetPlatform' loaded TargetPlatform 'Android_ETC1a'
[2020.01.20-22.58.29:055][  0]LogTemp: Display: Module 'AndroidTargetPlatform' loaded TargetPlatform 'Android_ETC2'
[2020.01.20-22.58.29:055][  0]LogTemp: Display: Module 'AndroidTargetPlatform' loaded TargetPlatform 'Android_PVRTC'
[2020.01.20-22.58.29:055][  0]LogTemp: Display: Module 'AndroidTargetPlatform' loaded TargetPlatform 'AndroidClient'
[2020.01.20-22.58.29:055][  0]LogTemp: Display: Module 'AndroidTargetPlatform' loaded TargetPlatform 'Android_ASTCClient'
[2020.01.20-22.58.29:055][  0]LogTemp: Display: Module 'AndroidTargetPlatform' loaded TargetPlatform 'Android_ATCClient'
[2020.01.20-22.58.29:055][  0]LogTemp: Display: Module 'AndroidTargetPlatform' loaded TargetPlatform 'Android_DXTClient'
[2020.01.20-22.58.29:055][  0]LogTemp: Display: Module 'AndroidTargetPlatform' loaded TargetPlatform 'Android_ETC1Client'
[2020.01.20-22.58.29:055][  0]LogTemp: Display: Module 'AndroidTargetPlatform' loaded TargetPlatform 'Android_ETC1aClient'
[2020.01.20-22.58.29:055][  0]LogTemp: Display: Module 'AndroidTargetPlatform' loaded TargetPlatform 'Android_ETC2Client'
[2020.01.20-22.58.29:055][  0]LogTemp: Display: Module 'AndroidTargetPlatform' loaded TargetPlatform 'Android_PVRTCClient'
[2020.01.20-22.58.29:055][  0]LogTemp: Display: Module 'AndroidTargetPlatform' loaded TargetPlatform 'Android_Multi'
[2020.01.20-22.58.29:055][  0]LogTemp: Display: Module 'AndroidTargetPlatform' loaded TargetPlatform 'Android_MultiClient'
[2020.01.20-22.58.29:245][  0]LogTemp: Display: Module 'HTML5TargetPlatform' loaded TargetPlatform 'HTML5'
[2020.01.20-22.58.29:385][  0]LogTemp: Display: Module 'IOSTargetPlatform' loaded TargetPlatform 'IOSClient'
[2020.01.20-22.58.29:385][  0]LogTemp: Display: Module 'IOSTargetPlatform' loaded TargetPlatform 'IOS'
[2020.01.20-22.58.29:433][  0]LogTemp: Display: Module 'TVOSTargetPlatform' loaded TargetPlatform 'TVOSClient'
[2020.01.20-22.58.29:433][  0]LogTemp: Display: Module 'TVOSTargetPlatform' loaded TargetPlatform 'TVOS'
[2020.01.20-22.58.29:453][  0]LogTemp: Display: Module 'LinuxClientTargetPlatform' loaded TargetPlatform 'LinuxClient'
[2020.01.20-22.58.29:630][  0]LogTemp: Display: Module 'LinuxNoEditorTargetPlatform' loaded TargetPlatform 'LinuxNoEditor'
[2020.01.20-22.58.29:672][  0]LogTemp: Display: Module 'LinuxServerTargetPlatform' loaded TargetPlatform 'LinuxServer'
[2020.01.20-22.58.29:736][  0]LogTemp: Display: Module 'LinuxTargetPlatform' loaded TargetPlatform 'Linux'
[2020.01.20-22.58.29:786][  0]LogTemp: Display: Module 'LuminTargetPlatform' loaded TargetPlatform 'Lumin'
[2020.01.20-22.58.29:786][  0]LogTemp: Display: Module 'LuminTargetPlatform' loaded TargetPlatform 'LuminClient'
[2020.01.20-22.58.29:786][  0]LogTargetPlatformManager: Display: Building Assets For Windows
[2020.01.20-22.58.30:048][  0]LogAudioDebug: Display: Lib vorbis DLL was dynamically loaded.
[2020.01.20-22.58.30:678][  0]LogShaderCompilers: Guid format shader working directory is -10 characters bigger than the processId version (../../../../../../UnrealProjects/BPShotter115/MortisProject115/Intermediate/Shaders/WorkingDirectory/18588/).
[2020.01.20-22.58.30:678][  0]LogShaderCompilers: Cleaned the shader compiler working directory 'C:/Users/Felipe Gasca/AppData/Local/Temp/UnrealShaderWorkingDir/9C2526324111B34F5B5DBAA8B6A447B3/'.
[2020.01.20-22.58.30:694][  0]LogXGEController: Cleaning working directory: C:/Users/Felipe Gasca/AppData/Local/Temp/UnrealXGEWorkingDir/
[2020.01.20-22.58.30:696][  0]LogShaderCompilers: Display: Using XGE Shader Compiler (Interception Interface).
[2020.01.20-22.58.33:377][  0]LogDerivedDataCache: Display: Max Cache Size: 512 MB
[2020.01.20-22.58.33:570][  0]LogDerivedDataCache: Loaded boot cache 0.19s 73MB C:/Users/Felipe Gasca/AppData/Local/UnrealEngine/4.23/DerivedDataCache/Boot.ddc.
[2020.01.20-22.58.33:570][  0]LogDerivedDataCache: Display: Loaded Boot cache: C:/Users/Felipe Gasca/AppData/Local/UnrealEngine/4.23/DerivedDataCache/Boot.ddc
[2020.01.20-22.58.33:570][  0]LogDerivedDataCache: FDerivedDataBackendGraph:  Pak pak cache file ../../../../../../UnrealProjects/BPShotter115/MortisProject115/DerivedDataCache/DDC.ddp not found, will not use a pak cache.
[2020.01.20-22.58.33:570][  0]LogDerivedDataCache: Unable to find inner node Pak for hierarchical cache Hierarchy.
[2020.01.20-22.58.33:570][  0]LogDerivedDataCache: FDerivedDataBackendGraph:  CompressedPak pak cache file ../../../../../../UnrealProjects/BPShotter115/MortisProject115/DerivedDataCache/Compressed.ddp not found, will not use a pak cache.
[2020.01.20-22.58.33:570][  0]LogDerivedDataCache: Unable to find inner node CompressedPak for hierarchical cache Hierarchy.
[2020.01.20-22.58.33:597][  0]LogDerivedDataCache: Display: Pak cache opened for reading ../../../Engine/DerivedDataCache/Compressed.ddp.
[2020.01.20-22.58.33:597][  0]LogDerivedDataCache: FDerivedDataBackendGraph:  EnterprisePak pak cache file ../../../Enterprise/DerivedDataCache/Compressed.ddp not found, will not use a pak cache.
[2020.01.20-22.58.33:597][  0]LogDerivedDataCache: Unable to find inner node EnterprisePak for hierarchical cache Hierarchy.
[2020.01.20-22.58.33:598][  0]LogDerivedDataCache: Using Local data cache path C:/Users/Felipe Gasca/AppData/Local/UnrealEngine/Common/DerivedDataCache: Writable
[2020.01.20-22.58.33:598][  0]LogDerivedDataCache: Shared data cache path not found in *engine.ini, will not use an Shared cache.
[2020.01.20-22.58.33:598][  0]LogDerivedDataCache: Unable to find inner node Shared for hierarchical cache Hierarchy.
[2020.01.20-22.58.33:623][  0]LogMaterial: Verifying Global Shaders for PCD3D_SM5
[2020.01.20-22.58.33:627][  0]LogSlate: Using FreeType 2.6.0
[2020.01.20-22.58.33:628][  0]LogSlate: SlateFontServices - WITH_FREETYPE: 1, WITH_HARFBUZZ: 1
[2020.01.20-22.58.34:425][  0]LogAssetRegistry: FAssetRegistry took 0.0039 seconds to start up
[2020.01.20-22.58.36:691][  0]LogInit: Selected Device Profile: [Windows]
[2020.01.20-22.58.37:551][  0]LogMeshReduction: Using QuadricMeshReduction for automatic static mesh reduction
[2020.01.20-22.58.37:552][  0]LogMeshReduction: Using SimplygonMeshReduction for automatic skeletal mesh reduction
[2020.01.20-22.58.37:552][  0]LogMeshReduction: Using ProxyLODMeshReduction for automatic mesh merging
[2020.01.20-22.58.37:552][  0]LogMeshReduction: No distributed automatic mesh merging module available
[2020.01.20-22.58.37:552][  0]LogMeshMerging: No distributed automatic mesh merging module available
[2020.01.20-22.58.37:644][  0]LogNetVersion: MortisProject115 1.0.0, NetCL: 8386587, EngineNetVer: 11, GameNetVer: 0 (Checksum: 1272041917)
[2020.01.20-22.58.40:164][  0]LogPackageLocalizationCache: Processed 12 localized package path(s) for 1 prioritized culture(s) in 0.142141 seconds
[2020.01.20-22.58.40:173][  0]LogUObjectArray: 43444 objects as part of root set at end of initial load.
[2020.01.20-22.58.40:173][  0]LogUObjectAllocator: 7548648 out of 0 bytes used by permanent object pool.
[2020.01.20-22.58.40:173][  0]LogUObjectArray: CloseDisregardForGC: 0/0 objects in disregard for GC pool
[2020.01.20-22.59.09:342][  0]LogTcpMessaging: Initializing TcpMessaging bridge
[2020.01.20-22.59.09:362][  0]LogUdpMessaging: Initializing bridge on interface 0.0.0.0:0 to multicast group 230.0.0.1:6666.
[2020.01.20-22.59.09:948][  0]SourceControl: Source control is disabled
[2020.01.20-22.59.09:948][  0]SourceControl: Source control is disabled
[2020.01.20-22.59.10:004][  0]SourceControl: Source control is disabled
[2020.01.20-22.59.10:021][  0]SourceControl: Source control is disabled
[2020.01.20-22.59.11:381][  0]LogAndroidPermission: UAndroidPermissionCallbackProxy::GetInstance
[2020.01.20-22.59.12:213][  0]LogOcInput: OculusInput pre-init called
[2020.01.20-22.59.12:286][  0]LogWindows: Failed to load 'OVRPlugin.dll' (GetLastError=126)
[2020.01.20-22.59.12:286][  0]LogWindows: File 'OVRPlugin.dll' does not exist
[2020.01.20-22.59.13:068][  0]LogEngine: Initializing Engine...
[2020.01.20-22.59.13:086][  0]LogHMD: Failed to initialize OpenVR with code 110
[2020.01.20-22.59.13:107][  0]LogStats: UGameplayTagsManager::InitializeManager -  0.001 s
[2020.01.20-22.59.13:846][  0]LogInit: Initializing FReadOnlyCVARCache
[2020.01.20-22.59.13:918][  0]LogAIModule: Creating AISystem for world Untitled
[2020.01.20-22.59.13:969][  0]LogInit: XAudio2 using 'HeadPhone/Digital Output (Realtek(R) Audio)' : 2 channels at 48 kHz using 32 bits per sample (channel mask 0x3)
[2020.01.20-22.59.13:999][  0]LogInit: FAudioDevice initialized.
[2020.01.20-22.59.13:999][  0]LogNetVersion: Set ProjectVersion to 1.0.0.0. Version Checksum will be recalculated on next use.
[2020.01.20-22.59.14:084][  0]LogDerivedDataCache: Saved boot cache 0.08s 73MB C:/Users/Felipe Gasca/AppData/Local/UnrealEngine/4.23/DerivedDataCache/Boot.ddc.
[2020.01.20-22.59.14:086][  0]LogInit: Texture streaming: Enabled
[2020.01.20-22.59.14:198][  0]LogEngineSessionManager: EngineSessionManager initialized
[2020.01.20-22.59.14:209][  0]LogEngineSessionManager: EngineSessionManager sent abnormal shutdown report. Type=Crashed, SessionId={9D6CDD25-4EC1-678B-89F4-0BA0A1D8C32F}
[2020.01.20-22.59.14:209][  0]LogEditorSessionSummary: Verbose: Initializing EditorSessionSummaryWriter for editor session tracking
[2020.01.20-22.59.14:212][  0]LogEditorSessionSummary: EditorSessionSummaryWriter initialized
[2020.01.20-22.59.14:524][  0]LogInit: Transaction tracking system initialized
[2020.01.20-22.59.15:151][  0]BlueprintLog: New page: Editor Load
[2020.01.20-22.59.15:849][  0]LocalizationService: Localization service is disabled
[2020.01.20-22.59.18:883][  0]LogFileCache: Scanning file cache for directory 'D:/UnrealProjects/BPShotter115/MortisProject115/Content/' took 0.02s
[2020.01.20-22.59.18:883][  0]LogCook: Display: Max memory allowance for cook 16384mb min free memory 0mb
[2020.01.20-22.59.18:883][  0]LogCook: Display: Mobile HDR setting 1
[2020.01.20-22.59.25:331][  0]SourceControl: Source control is disabled
[2020.01.20-22.59.25:666][  0]LogSlate: Took 0.000235 seconds to synchronously load lazily loaded font '../../../Engine/Content/Slate/Fonts/Roboto-Regular.ttf' (155K)
[2020.01.20-23.01.36:284][  0]LogSlate: Window 'Restore Packages' being destroyed
[2020.01.20-23.01.36:285][  0]LogWindowsTextInputMethodSystem: Display: IME system now deactivated.
[2020.01.20-23.01.36:323][  0]Cmd: MAP LOAD FILE="../../../../../../UnrealProjects/BPShotter115/MortisProject115/Content/FirstPersonBP/Maps/FirstPersonExampleMap.umap" TEMPLATE=0 SHOWPROGRESS=1 FEATURELEVEL=3
[2020.01.20-23.01.36:350][  0]LightingResults: New page: Lighting Build
[2020.01.20-23.01.36:372][  0]LogWorld: UWorld::CleanupWorld for Untitled, bSessionEnded=true, bCleanupResources=true
[2020.01.20-23.01.36:372][  0]MapCheck: New page: Map Check
[2020.01.20-23.01.36:372][  0]LightingResults: New page: Lighting Build
[2020.01.20-23.01.36:428][  0]LogUObjectHash: Compacting FUObjectHashTables data took   2.70ms
[2020.01.20-23.01.37:973][  0]LogAIModule: Creating AISystem for world FirstPersonExampleMap
[2020.01.20-23.01.38:056][  0]LogEditorServer: Finished looking for orphan Actors (0.000 secs)
[2020.01.20-23.01.38:305][  0]LogUObjectHash: Compacting FUObjectHashTables data took   4.51ms
[2020.01.20-23.01.38:306][  0]Cmd: MAP CHECKDEP NOCLEARLOG
[2020.01.20-23.01.38:306][  0]MapCheck: Map check complete: 0 Error(s), 0 Warning(s), took 0.423ms to complete.
[2020.01.20-23.01.38:306][  0]LogFileHelpers: Loading map 'FirstPersonExampleMap' took 1.993
[2020.01.20-23.01.38:347][  0]LogWindowsTextInputMethodSystem: Display: IME system now deactivated.
[2020.01.20-23.01.38:688][  0]LogSlate: Updating window title bar state: overlay mode, drag disabled, window buttons hidden, title bar hidden
[2020.01.20-23.01.38:732][  0]LogCollectionManager: Loaded 0 collections in 0.001231 seconds
[2020.01.20-23.01.38:750][  0]LogFileCache: Scanning file cache for directory 'D:/UnrealProjects/BPShotter115/MortisProject115/Saved/Collections/' took 0.00s
[2020.01.20-23.01.38:750][  0]LogFileCache: Scanning file cache for directory 'D:/UnrealProjects/BPShotter115/MortisProject115/Content/Developers/FelipeGasca/Collections/' took 0.00s
[2020.01.20-23.01.38:750][  0]LogFileCache: Scanning file cache for directory 'D:/UnrealProjects/BPShotter115/MortisProject115/Content/Collections/' took 0.00s
[2020.01.20-23.01.38:750][  0]LogCollectionManager: Rebuilt the GUID cache for 0 collections in 0.000004 seconds
[2020.01.20-23.01.38:762][  0]LogContentBrowser: Native class hierarchy populated in 0.0118 seconds. Added 2863 classes and 680 folders.
[2020.01.20-23.01.38:958][  0]LogContentBrowser: Native class hierarchy updated for 'WidgetCarousel' in 0.0004 seconds. Added 0 classes and 0 folders.
[2020.01.20-23.01.40:859][  0]LogContentBrowser: Native class hierarchy updated for 'AddContentDialog' in 0.0003 seconds. Added 0 classes and 0 folders.
[2020.01.20-23.01.40:916][  0]LogContentBrowser: Native class hierarchy updated for 'SceneOutliner' in 0.0004 seconds. Added 1 classes and 2 folders.
[2020.01.20-23.01.40:952][  0]LogSlate: Took 0.000250 seconds to synchronously load lazily loaded font '../../../Engine/Content/Slate/Fonts/Roboto-Bold.ttf' (160K)
[2020.01.20-23.01.41:139][  0]LogSlate: Took 0.180479 seconds to synchronously load lazily loaded font '../../../Engine/Content/Editor/Slate/Fonts/FontAwesome.ttf' (139K)
[2020.01.20-23.01.41:287][  0]LogRenderer: Reallocating scene render targets to support 1208x572 Format 10 NumSamples 1 (Frame:1).
[2020.01.20-23.01.41:695][  0]LogContentBrowser: Native class hierarchy updated for 'HierarchicalLODOutliner' in 0.0003 seconds. Added 0 classes and 0 folders.
[2020.01.20-23.01.41:695][  0]LogLoad: (Engine Initialization) Total time: 214.21 seconds
[2020.01.20-23.01.41:695][  0]LogLoad: (Engine Initialization) Total Blueprint compile time: 0.00 seconds
[2020.01.20-23.01.41:900][  0]LogContentStreaming: Texture pool size now 1000 MB
[2020.01.20-23.01.42:877][ 13]LogSlate: Took 0.018113 seconds to synchronously load lazily loaded font '../../../Engine/Content/Slate/Fonts/Roboto-Light.ttf' (167K)
[2020.01.20-23.01.43:080][ 16]LogSlate: Took 0.000200 seconds to synchronously load lazily loaded font '../../../Engine/Content/Slate/Fonts/Roboto-Light.ttf' (167K)
[2020.01.20-23.01.43:975][ 25]LogAssetRegistry: Asset discovery search completed in 189.5511 seconds
[2020.01.20-23.01.43:980][ 25]LogCollectionManager: Rebuilt the object cache for 0 collections in 0.000005 seconds (found 0 objects)
[2020.01.20-23.01.43:980][ 25]LogCollectionManager: Fixed up redirectors for 0 collections in 0.000060 seconds (updated 0 objects)
[2020.01.20-23.01.50:542][224]LogSlate: FSceneViewport::OnFocusLost() reason 0
[2020.01.20-23.02.33:006][ 18]LogBlueprint: Warning: [Compiler Ue4ASP_Character] InputAction Event references unknown Action 'Crouch' for  InputAction Crouch
[2020.01.20-23.02.33:773][ 18]LogAIModule: Creating AISystem for world LEVEL1
[2020.01.20-23.02.33:787][ 18]LogAssetEditorManager: Opening Asset editor for World /Game/Maps/LEVEL1.LEVEL1
[2020.01.20-23.02.33:817][ 18]LogUObjectHash: Compacting FUObjectHashTables data took   2.64ms
[2020.01.20-23.02.33:819][ 18]Cmd: MAP LOAD FILE="../../../../../../UnrealProjects/BPShotter115/MortisProject115/Content/Maps/LEVEL1.umap" TEMPLATE=0 SHOWPROGRESS=1 FEATURELEVEL=3
[2020.01.20-23.02.33:819][ 18]LightingResults: New page: Lighting Build
[2020.01.20-23.02.33:819][ 18]LoadErrors: New page: Loading map: LEVEL1.umap
[2020.01.20-23.02.33:820][ 18]LogWorld: UWorld::CleanupWorld for FirstPersonExampleMap, bSessionEnded=true, bCleanupResources=true
[2020.01.20-23.02.33:820][ 18]MapCheck: New page: Map Check
[2020.01.20-23.02.33:820][ 18]LightingResults: New page: Lighting Build
[2020.01.20-23.02.33:964][ 18]LogUObjectHash: Compacting FUObjectHashTables data took   2.02ms
[2020.01.20-23.02.33:968][ 18]LogEditorServer: Finished looking for orphan Actors (0.000 secs)
[2020.01.20-23.02.33:997][ 18]LogUObjectHash: Compacting FUObjectHashTables data took   2.20ms
[2020.01.20-23.02.34:032][ 18]Cmd: MAP CHECKDEP NOCLEARLOG
[2020.01.20-23.02.34:032][ 18]MapCheck: Map check complete: 0 Error(s), 0 Warning(s), took 0.064ms to complete.
[2020.01.20-23.02.34:032][ 18]LogFileHelpers: Loading map 'LEVEL1' took 0.214
[2020.01.20-23.02.43:379][295]LogEditorViewport: Clicking on Actor (context menu): BP_ENEMY1_C (BP_ENEMY3)
[2020.01.20-23.02.43:723][295]LogSlate: FSceneViewport::OnFocusLost() reason 5
[2020.01.20-23.02.50:761][409]LogSlate: FSceneViewport::OnFocusLost() reason 0
[2020.01.20-23.04.54:350][ 58]LogSlate: FSceneViewport::OnFocusLost() reason 5
[2020.01.20-23.05.03:784][259]LogAssetEditorManager: Opening Asset editor for Blueprint /Game/FirstPersonBP/Blueprints/BP_GameRules.BP_GameRules
[2020.01.20-23.05.04:560][259]LogContentBrowser: Native class hierarchy updated for 'BlueprintGraph' in 0.0006 seconds. Added 121 classes and 0 folders.
[2020.01.20-23.05.07:110][347]LogWorld: UWorld::CleanupWorld for World_4, bSessionEnded=true, bCleanupResources=true
[2020.01.20-23.05.07:166][347]LogAssetEditorManager: Opening Asset editor for Blueprint /Game/FirstPersonBP/Blueprints/BP_GameRules.BP_GameRules
[2020.01.20-23.05.07:552][347]LogSlate: Took 0.031904 seconds to synchronously load lazily loaded font '../../../Engine/Content/Slate/Fonts/Roboto-BoldCondensed.ttf' (158K)
[2020.01.20-23.05.09:478][441]LogWorld: UWorld::CleanupWorld for World_5, bSessionEnded=true, bCleanupResources=true
[2020.01.20-23.05.12:065][493]LogAssetEditorManager: Opening Asset editor for Blueprint /Game/FirstPersonBP/Blueprints/BP_Player.BP_Player
[2020.01.20-23.05.12:654][494]LogSlate: Took 0.000642 seconds to synchronously load lazily loaded font '../../../Engine/Content/Slate/Fonts/Roboto-Italic.ttf' (157K)
[2020.01.20-23.08.42:492][246]LogEditorSessionSummary: EditorSessionSummary sent report. Type=Crashed, SessionId={9D6CDD25-4EC1-678B-89F4-0BA0A1D8C32F}
[2020.01.20-23.08.43:071][281]LogTemp: Repeating last play command: Selected Viewport
[2020.01.20-23.08.43:088][281]LogBlueprintUserMessages: Early PlayInEditor Detection: Level '/Game/Maps/LEVEL1.LEVEL1:PersistentLevel' has LevelScriptBlueprint '/Game/Maps/LEVEL1.LEVEL1:PersistentLevel.LEVEL1' with GeneratedClass '/Game/Maps/LEVEL1.LEVEL1_C' with ClassGeneratedBy '/Game/Maps/LEVEL1.LEVEL1:PersistentLevel.LEVEL1'
[2020.01.20-23.08.43:089][281]LogPlayLevel: PlayLevel: No blueprints needed recompiling
[2020.01.20-23.08.43:089][281]PIE: New page: PIE session: LEVEL1 (Jan 20, 2020, 11:08:43 AM)
[2020.01.20-23.08.43:091][281]LogOnline: OSS: Creating online subsystem instance for: NULL
[2020.01.20-23.08.43:093][281]LogPlayLevel: Creating play world package: /Game/Maps/UEDPIE_0_LEVEL1
[2020.01.20-23.08.43:097][281]LogPlayLevel: PIE: StaticDuplicateObject took: (0.004573s)
[2020.01.20-23.08.43:098][281]LogAIModule: Creating AISystem for world LEVEL1
[2020.01.20-23.08.43:099][281]LogPlayLevel: PIE: World Init took: (0.001254s)
[2020.01.20-23.08.43:099][281]LogPlayLevel: PIE: Created PIE world by copying editor world from /Game/Maps/LEVEL1.LEVEL1 to /Game/Maps/UEDPIE_0_LEVEL1.LEVEL1 (0.006056s)
[2020.01.20-23.08.43:142][281]LogUObjectHash: Compacting FUObjectHashTables data took   4.24ms
[2020.01.20-23.08.43:163][281]LogInit: XAudio2 using 'HeadPhone/Digital Output (Realtek(R) Audio)' : 2 channels at 48 kHz using 32 bits per sample (channel mask 0x3)
[2020.01.20-23.08.43:175][281]LogInit: FAudioDevice initialized.
[2020.01.20-23.08.43:194][281]LogSlate: Updating window title bar state: overlay mode, drag disabled, window buttons hidden, title bar hidden
[2020.01.20-23.08.43:197][281]LogLoad: Game class is 'BP_GameRules_C'
[2020.01.20-23.08.43:201][281]LogWorld: Bringing World /Game/Maps/UEDPIE_0_LEVEL1.LEVEL1 up for play (max tick rate 60) at 2020.01.20-17.08.43
[2020.01.20-23.08.43:201][281]LogWorld: Bringing up level for play took: 0.002522
[2020.01.20-23.08.43:202][281]LogOnline: OSS: Creating online subsystem instance for: :Context_8
[2020.01.20-23.08.43:462][281]LogContentBrowser: Native class hierarchy updated for 'MovieSceneCapture' in 0.0004 seconds. Added 20 classes and 0 folders.
[2020.01.20-23.08.43:467][281]PIE: Play in editor start time for /Game/Maps/UEDPIE_0_LEVEL1 1.069
[2020.01.20-23.08.43:475][281]LogBlueprintUserMessages: Late PlayInEditor Detection: Level '/Game/Maps/LEVEL1.LEVEL1:PersistentLevel' has LevelScriptBlueprint '/Game/Maps/LEVEL1.LEVEL1:PersistentLevel.LEVEL1' with GeneratedClass '/Game/Maps/LEVEL1.LEVEL1_C' with ClassGeneratedBy '/Game/Maps/LEVEL1.LEVEL1:PersistentLevel.LEVEL1'
[2020.01.20-23.08.43:528][282]LogRenderer: Reallocating scene render targets to support 1280x720 Format 10 NumSamples 1 (Frame:1).
[2020.01.20-23.08.43:873][282]LogCharacterMovement: Warning: GetSimulationTimeStep() - Max iterations 8 hit while remaining time 0.082538 > MaxSimulationTimeStep (0.050) for 'BP_Player_C_0', movement 'Walking'
[2020.01.20-23.08.44:229][299]LogBlueprintUserMessages: [BP_Player_C_0] This
[2020.01.20-23.08.45:216][357]LogBlueprintUserMessages: [BP_Player_C_0] This
[2020.01.20-23.08.45:796][391]LogBlueprintUserMessages: [BP_Player_C_0] This
[2020.01.20-23.08.47:202][475]LogBlueprintUserMessages: Early EndPlayMap Detection: Level '/Game/Maps/LEVEL1.LEVEL1:PersistentLevel' has LevelScriptBlueprint '/Game/Maps/LEVEL1.LEVEL1:PersistentLevel.LEVEL1' with GeneratedClass '/Game/Maps/LEVEL1.LEVEL1_C' with ClassGeneratedBy '/Game/Maps/LEVEL1.LEVEL1:PersistentLevel.LEVEL1'
[2020.01.20-23.08.47:202][475]LogSlate: Updating window title bar state: overlay mode, drag disabled, window buttons hidden, title bar hidden
[2020.01.20-23.08.47:203][475]LogWorld: BeginTearingDown for /Game/Maps/UEDPIE_0_LEVEL1
[2020.01.20-23.08.47:334][475]LogSlate: Window 'MortisProject115 Game Preview Standalone (64-bit/PCD3D_SM5)' being destroyed
[2020.01.20-23.08.47:340][475]LogWorld: UWorld::CleanupWorld for LEVEL1, bSessionEnded=true, bCleanupResources=true
[2020.01.20-23.08.47:353][475]LogPlayLevel: Display: Shutting down PIE online subsystems
[2020.01.20-23.08.47:354][475]LogBlueprintUserMessages: Late EndPlayMap Detection: Level '/Game/Maps/LEVEL1.LEVEL1:PersistentLevel' has LevelScriptBlueprint '/Game/Maps/LEVEL1.LEVEL1:PersistentLevel.LEVEL1' with GeneratedClass '/Game/Maps/LEVEL1.LEVEL1_C' with ClassGeneratedBy '/Game/Maps/LEVEL1.LEVEL1:PersistentLevel.LEVEL1'
[2020.01.20-23.08.47:431][475]LogUObjectHash: Compacting FUObjectHashTables data took   4.04ms
[2020.01.20-23.08.47:447][476]LogPlayLevel: Display: Destroying online subsystem :Context_8
[2020.01.20-23.08.56:011][980]LogSlate: FSceneViewport::OnFocusLost() reason 0
[2020.01.20-23.08.56:177][990]LogTemp: Repeating last play command: Selected Viewport
[2020.01.20-23.08.56:199][990]LogBlueprintUserMessages: Early PlayInEditor Detection: Level '/Game/Maps/LEVEL1.LEVEL1:PersistentLevel' has LevelScriptBlueprint '/Game/Maps/LEVEL1.LEVEL1:PersistentLevel.LEVEL1' with GeneratedClass '/Game/Maps/LEVEL1.LEVEL1_C' with ClassGeneratedBy '/Game/Maps/LEVEL1.LEVEL1:PersistentLevel.LEVEL1'
[2020.01.20-23.08.56:199][990]LogPlayLevel: PlayLevel: No blueprints needed recompiling
[2020.01.20-23.08.56:199][990]PIE: New page: PIE session: LEVEL1 (Jan 20, 2020, 11:08:56 AM)
[2020.01.20-23.08.56:199][990]LogPlayLevel: Creating play world package: /Game/Maps/UEDPIE_0_LEVEL1
[2020.01.20-23.08.56:204][990]LogPlayLevel: PIE: StaticDuplicateObject took: (0.004944s)
[2020.01.20-23.08.56:205][990]LogAIModule: Creating AISystem for world LEVEL1
[2020.01.20-23.08.56:205][990]LogPlayLevel: PIE: World Init took: (0.001015s)
[2020.01.20-23.08.56:205][990]LogPlayLevel: PIE: Created PIE world by copying editor world from /Game/Maps/LEVEL1.LEVEL1 to /Game/Maps/UEDPIE_0_LEVEL1.LEVEL1 (0.006072s)
[2020.01.20-23.08.56:247][990]LogUObjectHash: Compacting FUObjectHashTables data took   4.56ms
[2020.01.20-23.08.56:267][990]LogInit: XAudio2 using 'HeadPhone/Digital Output (Realtek(R) Audio)' : 2 channels at 48 kHz using 32 bits per sample (channel mask 0x3)
[2020.01.20-23.08.56:278][990]LogInit: FAudioDevice initialized.
[2020.01.20-23.08.56:288][990]LogLoad: Game class is 'BP_GameRules_C'
[2020.01.20-23.08.56:290][990]LogWorld: Bringing World /Game/Maps/UEDPIE_0_LEVEL1.LEVEL1 up for play (max tick rate 60) at 2020.01.20-17.08.56
[2020.01.20-23.08.56:291][990]LogWorld: Bringing up level for play took: 0.001708
[2020.01.20-23.08.56:291][990]LogOnline: OSS: Creating online subsystem instance for: :Context_13
[2020.01.20-23.08.56:295][990]PIE: Play in editor start time for /Game/Maps/UEDPIE_0_LEVEL1 -0.104
[2020.01.20-23.08.56:295][990]LogBlueprintUserMessages: Late PlayInEditor Detection: Level '/Game/Maps/LEVEL1.LEVEL1:PersistentLevel' has LevelScriptBlueprint '/Game/Maps/LEVEL1.LEVEL1:PersistentLevel.LEVEL1' with GeneratedClass '/Game/Maps/LEVEL1.LEVEL1_C' with ClassGeneratedBy '/Game/Maps/LEVEL1.LEVEL1:PersistentLevel.LEVEL1'
[2020.01.20-23.08.57:113][ 39]LogBlueprintUserMessages: [BP_Player_C_0] This
[2020.01.20-23.08.59:277][169]LogBlueprintUserMessages: [BP_Player_C_0] This
[2020.01.20-23.09.00:094][218]LogBlueprintUserMessages: [BP_Player_C_0] This
[2020.01.20-23.09.02:379][355]LogBlueprintUserMessages: Early EndPlayMap Detection: Level '/Game/Maps/LEVEL1.LEVEL1:PersistentLevel' has LevelScriptBlueprint '/Game/Maps/LEVEL1.LEVEL1:PersistentLevel.LEVEL1' with GeneratedClass '/Game/Maps/LEVEL1.LEVEL1_C' with ClassGeneratedBy '/Game/Maps/LEVEL1.LEVEL1:PersistentLevel.LEVEL1'
[2020.01.20-23.09.02:379][355]LogSlate: Updating window title bar state: overlay mode, drag disabled, window buttons hidden, title bar hidden
[2020.01.20-23.09.02:380][355]LogWorld: BeginTearingDown for /Game/Maps/UEDPIE_0_LEVEL1
[2020.01.20-23.09.02:380][355]LogWorld: UWorld::CleanupWorld for LEVEL1, bSessionEnded=true, bCleanupResources=true
[2020.01.20-23.09.02:391][355]LogPlayLevel: Display: Shutting down PIE online subsystems
[2020.01.20-23.09.02:391][355]LogBlueprintUserMessages: Late EndPlayMap Detection: Level '/Game/Maps/LEVEL1.LEVEL1:PersistentLevel' has LevelScriptBlueprint '/Game/Maps/LEVEL1.LEVEL1:PersistentLevel.LEVEL1' with GeneratedClass '/Game/Maps/LEVEL1.LEVEL1_C' with ClassGeneratedBy '/Game/Maps/LEVEL1.LEVEL1:PersistentLevel.LEVEL1'
[2020.01.20-23.09.02:431][355]LogSlate: Updating window title bar state: overlay mode, drag disabled, window buttons hidden, title bar hidden
[2020.01.20-23.09.02:436][355]LogUObjectHash: Compacting FUObjectHashTables data took   3.64ms
[2020.01.20-23.09.02:487][358]LogPlayLevel: Display: Destroying online subsystem :Context_13
[2020.01.20-23.09.04:055][452]LogSlate: FSceneViewport::OnFocusLost() reason 0
[2020.01.20-23.09.04:246][462]LogAssetEditorManager: Opening Asset editor for Blueprint /Game/Blueprints/BP_ENEMY3.BP_ENEMY3
[2020.01.20-23.09.25:085][671]LogSlate: FSceneViewport::OnFocusLost() reason 2
[2020.01.20-23.09.28:951][877]LogSlate: FSceneViewport::OnFocusLost() reason 0
[2020.01.20-23.09.29:201][892]BlueprintLog: New page: Compile BP_ENEMY3
[2020.01.20-23.09.29:492][892]LogUObjectHash: Compacting FUObjectHashTables data took   3.84ms
[2020.01.20-23.09.31:584][ 13]Cmd: OBJ SAVEPACKAGE PACKAGE="/Game/Blueprints/BP_ENEMY3" FILE="../../../../../../UnrealProjects/BPShotter115/MortisProject115/Content/Blueprints/BP_ENEMY3.uasset" SILENT=true
[2020.01.20-23.09.31:628][ 13]LogSavePackage: Moving '../../../../../../UnrealProjects/BPShotter115/MortisProject115/Saved/BP_ENEMY3F6EF58DA49F637FB2F8586B95904915D.tmp' to '../../../../../../UnrealProjects/BPShotter115/MortisProject115/Content/Blueprints/BP_ENEMY3.uasset'
[2020.01.20-23.09.32:726][ 78]LogTemp: Repeating last play command: Selected Viewport
[2020.01.20-23.09.32:745][ 78]LogBlueprintUserMessages: Early PlayInEditor Detection: Level '/Game/Maps/LEVEL1.LEVEL1:PersistentLevel' has LevelScriptBlueprint '/Game/Maps/LEVEL1.LEVEL1:PersistentLevel.LEVEL1' with GeneratedClass '/Game/Maps/LEVEL1.LEVEL1_C' with ClassGeneratedBy '/Game/Maps/LEVEL1.LEVEL1:PersistentLevel.LEVEL1'
[2020.01.20-23.09.32:745][ 78]LogPlayLevel: PlayLevel: No blueprints needed recompiling
[2020.01.20-23.09.32:745][ 78]PIE: New page: PIE session: LEVEL1 (Jan 20, 2020, 11:09:32 AM)
[2020.01.20-23.09.32:745][ 78]LogPlayLevel: Creating play world package: /Game/Maps/UEDPIE_0_LEVEL1
[2020.01.20-23.09.32:749][ 78]LogPlayLevel: PIE: StaticDuplicateObject took: (0.004074s)
[2020.01.20-23.09.32:750][ 78]LogAIModule: Creating AISystem for world LEVEL1
[2020.01.20-23.09.32:750][ 78]LogPlayLevel: PIE: World Init took: (0.000909s)
[2020.01.20-23.09.32:750][ 78]LogPlayLevel: PIE: Created PIE world by copying editor world from /Game/Maps/LEVEL1.LEVEL1 to /Game/Maps/UEDPIE_0_LEVEL1.LEVEL1 (0.005115s)
[2020.01.20-23.09.32:787][ 78]LogUObjectHash: Compacting FUObjectHashTables data took   3.71ms
[2020.01.20-23.09.32:804][ 78]LogInit: XAudio2 using 'HeadPhone/Digital Output (Realtek(R) Audio)' : 2 channels at 48 kHz using 32 bits per sample (channel mask 0x3)
[2020.01.20-23.09.32:814][ 78]LogInit: FAudioDevice initialized.
[2020.01.20-23.09.32:824][ 78]LogLoad: Game class is 'BP_GameRules_C'
[2020.01.20-23.09.32:827][ 78]LogWorld: Bringing World /Game/Maps/UEDPIE_0_LEVEL1.LEVEL1 up for play (max tick rate 60) at 2020.01.20-17.09.32
[2020.01.20-23.09.32:828][ 78]LogWorld: Bringing up level for play took: 0.003139
[2020.01.20-23.09.32:828][ 78]LogOnline: OSS: Creating online subsystem instance for: :Context_15
[2020.01.20-23.09.32:834][ 78]PIE: Play in editor start time for /Game/Maps/UEDPIE_0_LEVEL1 0.436
[2020.01.20-23.09.32:834][ 78]LogBlueprintUserMessages: Late PlayInEditor Detection: Level '/Game/Maps/LEVEL1.LEVEL1:PersistentLevel' has LevelScriptBlueprint '/Game/Maps/LEVEL1.LEVEL1:PersistentLevel.LEVEL1' with GeneratedClass '/Game/Maps/LEVEL1.LEVEL1_C' with ClassGeneratedBy '/Game/Maps/LEVEL1.LEVEL1:PersistentLevel.LEVEL1'
[2020.01.20-23.09.47:596][718]LogSlate: Window 'BP_ENEMY3' being destroyed
[2020.01.20-23.09.47:599][718]LogSlate: Window 'BP_ENEMY3' being destroyed
[2020.01.20-23.09.47:617][718]LogWorld: UWorld::CleanupWorld for World_11, bSessionEnded=true, bCleanupResources=true
[2020.01.20-23.09.49:197][752]LogBlueprintUserMessages: [BP_Player_C_0] This
[2020.01.20-23.09.50:013][801]LogBlueprintUserMessages: [BP_Player_C_0] This
[2020.01.20-23.09.51:480][889]LogBlueprintUserMessages: [BP_Player_C_0] This
[2020.01.20-23.09.53:148][989]LogBlueprintUserMessages: Early EndPlayMap Detection: Level '/Game/Maps/LEVEL1.LEVEL1:PersistentLevel' has LevelScriptBlueprint '/Game/Maps/LEVEL1.LEVEL1:PersistentLevel.LEVEL1' with GeneratedClass '/Game/Maps/LEVEL1.LEVEL1_C' with ClassGeneratedBy '/Game/Maps/LEVEL1.LEVEL1:PersistentLevel.LEVEL1'
[2020.01.20-23.09.53:148][989]LogSlate: Updating window title bar state: overlay mode, drag disabled, window buttons hidden, title bar hidden
[2020.01.20-23.09.53:148][989]LogWorld: BeginTearingDown for /Game/Maps/UEDPIE_0_LEVEL1
[2020.01.20-23.09.53:148][989]LogWorld: UWorld::CleanupWorld for LEVEL1, bSessionEnded=true, bCleanupResources=true
[2020.01.20-23.09.53:158][989]LogPlayLevel: Display: Shutting down PIE online subsystems
[2020.01.20-23.09.53:159][989]LogBlueprintUserMessages: Late EndPlayMap Detection: Level '/Game/Maps/LEVEL1.LEVEL1:PersistentLevel' has LevelScriptBlueprint '/Game/Maps/LEVEL1.LEVEL1:PersistentLevel.LEVEL1' with GeneratedClass '/Game/Maps/LEVEL1.LEVEL1_C' with ClassGeneratedBy '/Game/Maps/LEVEL1.LEVEL1:PersistentLevel.LEVEL1'
[2020.01.20-23.09.53:198][989]LogSlate: Updating window title bar state: overlay mode, drag disabled, window buttons hidden, title bar hidden
[2020.01.20-23.09.53:204][989]LogUObjectHash: Compacting FUObjectHashTables data took   3.07ms
[2020.01.20-23.09.53:253][992]LogPlayLevel: Display: Destroying online subsystem :Context_15
[2020.01.20-23.09.55:006][ 97]LogSlate: FSceneViewport::OnFocusLost() reason 0
[2020.01.20-23.09.57:062][217]LogEditorViewport: Clicking on Actor (LMB): BP_ENEMY3_C (BP_ENEMY4)
[2020.01.20-23.09.58:038][273]Cmd: DELETE
[2020.01.20-23.09.58:038][273]Cmd: ACTOR DELETE
[2020.01.20-23.09.58:040][273]LogEditorActor: Deleted Actor: BP_ENEMY3_C
[2020.01.20-23.09.58:074][273]LogUObjectHash: Compacting FUObjectHashTables data took   2.73ms
[2020.01.20-23.09.58:074][273]LogEditorActor: Deleted 1 Actors (0.036 secs)
[2020.01.20-23.09.59:566][363]LogSlate: FSceneViewport::OnFocusLost() reason 0
[2020.01.20-23.09.59:765][375]LogTemp: Repeating last play command: Selected Viewport
[2020.01.20-23.09.59:786][375]LogBlueprintUserMessages: Early PlayInEditor Detection: Level '/Game/Maps/LEVEL1.LEVEL1:PersistentLevel' has LevelScriptBlueprint '/Game/Maps/LEVEL1.LEVEL1:PersistentLevel.LEVEL1' with GeneratedClass '/Game/Maps/LEVEL1.LEVEL1_C' with ClassGeneratedBy '/Game/Maps/LEVEL1.LEVEL1:PersistentLevel.LEVEL1'
[2020.01.20-23.09.59:786][375]LogPlayLevel: PlayLevel: No blueprints needed recompiling
[2020.01.20-23.09.59:786][375]PIE: New page: PIE session: LEVEL1 (Jan 20, 2020, 11:09:59 AM)
[2020.01.20-23.09.59:786][375]LogPlayLevel: Creating play world package: /Game/Maps/UEDPIE_0_LEVEL1
[2020.01.20-23.09.59:791][375]LogPlayLevel: PIE: StaticDuplicateObject took: (0.004443s)
[2020.01.20-23.09.59:792][375]LogAIModule: Creating AISystem for world LEVEL1
[2020.01.20-23.09.59:792][375]LogPlayLevel: PIE: World Init took: (0.000970s)
[2020.01.20-23.09.59:792][375]LogPlayLevel: PIE: Created PIE world by copying editor world from /Game/Maps/LEVEL1.LEVEL1 to /Game/Maps/UEDPIE_0_LEVEL1.LEVEL1 (0.005539s)
[2020.01.20-23.09.59:827][375]LogUObjectHash: Compacting FUObjectHashTables data took   3.24ms
[2020.01.20-23.09.59:843][375]LogInit: XAudio2 using 'HeadPhone/Digital Output (Realtek(R) Audio)' : 2 channels at 48 kHz using 32 bits per sample (channel mask 0x3)
[2020.01.20-23.09.59:854][375]LogInit: FAudioDevice initialized.
[2020.01.20-23.09.59:865][375]LogLoad: Game class is 'BP_GameRules_C'
[2020.01.20-23.09.59:867][375]LogWorld: Bringing World /Game/Maps/UEDPIE_0_LEVEL1.LEVEL1 up for play (max tick rate 60) at 2020.01.20-17.09.59
[2020.01.20-23.09.59:868][375]LogWorld: Bringing up level for play took: 0.001663
[2020.01.20-23.09.59:868][375]LogOnline: OSS: Creating online subsystem instance for: :Context_16
[2020.01.20-23.09.59:872][375]PIE: Play in editor start time for /Game/Maps/UEDPIE_0_LEVEL1 -0.527
[2020.01.20-23.09.59:872][375]LogBlueprintUserMessages: Late PlayInEditor Detection: Level '/Game/Maps/LEVEL1.LEVEL1:PersistentLevel' has LevelScriptBlueprint '/Game/Maps/LEVEL1.LEVEL1:PersistentLevel.LEVEL1' with GeneratedClass '/Game/Maps/LEVEL1.LEVEL1_C' with ClassGeneratedBy '/Game/Maps/LEVEL1.LEVEL1:PersistentLevel.LEVEL1'
[2020.01.20-23.10.01:670][483]LogBlueprintUserMessages: [BP_Player_C_0] This
[2020.01.20-23.10.03:553][596]LogBlueprintUserMessages: [BP_Player_C_0] This
[2020.01.20-23.10.05:120][690]LogBlueprintUserMessages: Early EndPlayMap Detection: Level '/Game/Maps/LEVEL1.LEVEL1:PersistentLevel' has LevelScriptBlueprint '/Game/Maps/LEVEL1.LEVEL1:PersistentLevel.LEVEL1' with GeneratedClass '/Game/Maps/LEVEL1.LEVEL1_C' with ClassGeneratedBy '/Game/Maps/LEVEL1.LEVEL1:PersistentLevel.LEVEL1'
[2020.01.20-23.10.05:120][690]LogSlate: Updating window title bar state: overlay mode, drag disabled, window buttons hidden, title bar hidden
[2020.01.20-23.10.05:120][690]LogWorld: BeginTearingDown for /Game/Maps/UEDPIE_0_LEVEL1
[2020.01.20-23.10.05:120][690]LogWorld: UWorld::CleanupWorld for LEVEL1, bSessionEnded=true, bCleanupResources=true
[2020.01.20-23.10.05:130][690]LogPlayLevel: Display: Shutting down PIE online subsystems
[2020.01.20-23.10.05:131][690]LogBlueprintUserMessages: Late EndPlayMap Detection: Level '/Game/Maps/LEVEL1.LEVEL1:PersistentLevel' has LevelScriptBlueprint '/Game/Maps/LEVEL1.LEVEL1:PersistentLevel.LEVEL1' with GeneratedClass '/Game/Maps/LEVEL1.LEVEL1_C' with ClassGeneratedBy '/Game/Maps/LEVEL1.LEVEL1:PersistentLevel.LEVEL1'
[2020.01.20-23.10.05:171][690]LogSlate: Updating window title bar state: overlay mode, drag disabled, window buttons hidden, title bar hidden
[2020.01.20-23.10.05:176][690]LogUObjectHash: Compacting FUObjectHashTables data took   3.49ms
[2020.01.20-23.10.05:226][693]LogPlayLevel: Display: Destroying online subsystem :Context_16
[2020.01.20-23.10.11:644][ 78]LogSlate: FSceneViewport::OnFocusLost() reason 0
[2020.01.20-23.10.20:692][373]LogEditorViewport: Clicking on Actor (LMB): BP_ENEMY3_C (BP_ENEMY5)
[2020.01.20-23.10.21:523][420]Cmd: DELETE
[2020.01.20-23.10.21:523][420]Cmd: ACTOR DELETE
[2020.01.20-23.10.21:525][420]LogEditorActor: Deleted Actor: BP_ENEMY3_C
[2020.01.20-23.10.21:563][420]LogUObjectHash: Compacting FUObjectHashTables data took   1.05ms
[2020.01.20-23.10.21:563][420]LogEditorActor: Deleted 1 Actors (0.040 secs)
[2020.01.20-23.10.22:791][494]LogSlate: FSceneViewport::OnFocusLost() reason 0
[2020.01.20-23.10.22:993][505]LogAssetEditorManager: Opening Asset editor for Blueprint /Game/Blueprints/BP_ENEMY3.BP_ENEMY3
[2020.01.20-23.10.34:255][152]LogSlate: FSceneViewport::OnFocusLost() reason 2
[2020.01.20-23.10.39:462][461]LogSlate: FSceneViewport::OnFocusLost() reason 0
[2020.01.20-23.10.39:695][475]BlueprintLog: New page: Compile BP_ENEMY3
[2020.01.20-23.10.39:965][475]LogUObjectHash: Compacting FUObjectHashTables data took   3.53ms
[2020.01.20-23.10.41:361][555]Cmd: OBJ SAVEPACKAGE PACKAGE="/Game/Blueprints/BP_ENEMY3" FILE="../../../../../../UnrealProjects/BPShotter115/MortisProject115/Content/Blueprints/BP_ENEMY3.uasset" SILENT=true
[2020.01.20-23.10.41:380][555]LogSavePackage: Moving '../../../../../../UnrealProjects/BPShotter115/MortisProject115/Saved/BP_ENEMY32FDF5E4B416CAF6B2142CC968458872D.tmp' to '../../../../../../UnrealProjects/BPShotter115/MortisProject115/Content/Blueprints/BP_ENEMY3.uasset'
[2020.01.20-23.10.45:113][768]LogSlate: Window 'BP_ENEMY3' being destroyed
[2020.01.20-23.10.52:611][214]LogSlate: FSceneViewport::OnFocusLost() reason 0
[2020.01.20-23.10.52:843][228]LogTemp: Repeating last play command: Selected Viewport
[2020.01.20-23.10.52:861][228]LogBlueprintUserMessages: Early PlayInEditor Detection: Level '/Game/Maps/LEVEL1.LEVEL1:PersistentLevel' has LevelScriptBlueprint '/Game/Maps/LEVEL1.LEVEL1:PersistentLevel.LEVEL1' with GeneratedClass '/Game/Maps/LEVEL1.LEVEL1_C' with ClassGeneratedBy '/Game/Maps/LEVEL1.LEVEL1:PersistentLevel.LEVEL1'
[2020.01.20-23.10.52:861][228]LogPlayLevel: PlayLevel: No blueprints needed recompiling
[2020.01.20-23.10.52:861][228]PIE: New page: PIE session: LEVEL1 (Jan 20, 2020, 11:10:52 AM)
[2020.01.20-23.10.52:861][228]LogPlayLevel: Creating play world package: /Game/Maps/UEDPIE_0_LEVEL1
[2020.01.20-23.10.52:865][228]LogPlayLevel: PIE: StaticDuplicateObject took: (0.004004s)
[2020.01.20-23.10.52:866][228]LogAIModule: Creating AISystem for world LEVEL1
[2020.01.20-23.10.52:866][228]LogPlayLevel: PIE: World Init took: (0.000923s)
[2020.01.20-23.10.52:866][228]LogPlayLevel: PIE: Created PIE world by copying editor world from /Game/Maps/LEVEL1.LEVEL1 to /Game/Maps/UEDPIE_0_LEVEL1.LEVEL1 (0.005038s)
[2020.01.20-23.10.52:905][228]LogUObjectHash: Compacting FUObjectHashTables data took   3.97ms
[2020.01.20-23.10.52:924][228]LogInit: XAudio2 using 'HeadPhone/Digital Output (Realtek(R) Audio)' : 2 channels at 48 kHz using 32 bits per sample (channel mask 0x3)
[2020.01.20-23.10.52:934][228]LogInit: FAudioDevice initialized.
[2020.01.20-23.10.52:954][228]LogLoad: Game class is 'BP_GameRules_C'
[2020.01.20-23.10.52:956][228]LogWorld: Bringing World /Game/Maps/UEDPIE_0_LEVEL1.LEVEL1 up for play (max tick rate 60) at 2020.01.20-17.10.52
[2020.01.20-23.10.52:957][228]LogWorld: Bringing up level for play took: 0.001691
[2020.01.20-23.10.52:957][228]LogOnline: OSS: Creating online subsystem instance for: :Context_18
[2020.01.20-23.10.52:961][228]PIE: Play in editor start time for /Game/Maps/UEDPIE_0_LEVEL1 0.562
[2020.01.20-23.10.52:961][228]LogBlueprintUserMessages: Late PlayInEditor Detection: Level '/Game/Maps/LEVEL1.LEVEL1:PersistentLevel' has LevelScriptBlueprint '/Game/Maps/LEVEL1.LEVEL1:PersistentLevel.LEVEL1' with GeneratedClass '/Game/Maps/LEVEL1.LEVEL1_C' with ClassGeneratedBy '/Game/Maps/LEVEL1.LEVEL1:PersistentLevel.LEVEL1'
[2020.01.20-23.10.53:675][271]LogBlueprintUserMessages: [BP_Player_C_0] This
[2020.01.20-23.10.54:541][323]LogBlueprintUserMessages: [BP_Player_C_0] This
[2020.01.20-23.10.54:974][349]LogBlueprintUserMessages: [BP_Player_C_0] This
[2020.01.20-23.10.56:908][465]LogBlueprintUserMessages: [BP_Player_C_0] This
[2020.01.20-23.10.58:908][585]LogBlueprintUserMessages: [BP_Player_C_0] This
[2020.01.20-23.10.59:708][633]LogBlueprintUserMessages: [BP_Player_C_0] This
[2020.01.20-23.11.00:509][681]LogBlueprintUserMessages: [BP_Player_C_0] This
[2020.01.20-23.11.01:642][749]LogBlueprintUserMessages: [BP_Player_C_0] This
[2020.01.20-23.11.01:858][762]LogBlueprintUserMessages: [BP_Player_C_0] This
[2020.01.20-23.11.02:058][774]LogBlueprintUserMessages: [BP_Player_C_0] This
[2020.01.20-23.11.02:241][785]LogBlueprintUserMessages: [BP_Player_C_0] This
[2020.01.20-23.11.02:459][798]LogBlueprintUserMessages: [BP_Player_C_0] This
[2020.01.20-23.11.02:659][810]LogBlueprintUserMessages: [BP_Player_C_0] This
[2020.01.20-23.11.02:842][821]LogBlueprintUserMessages: [BP_Player_C_0] This
[2020.01.20-23.11.03:026][832]LogBlueprintUserMessages: [BP_Player_C_0] This
[2020.01.20-23.11.03:208][843]LogBlueprintUserMessages: [BP_Player_C_0] This
[2020.01.20-23.11.03:408][855]LogBlueprintUserMessages: [BP_Player_C_0] This
[2020.01.20-23.11.03:658][870]LogBlueprintUserMessages: [BP_Player_C_0] This
[2020.01.20-23.11.03:858][882]LogBlueprintUserMessages: [BP_Player_C_0] This
[2020.01.20-23.11.05:177][961]LogBlueprintUserMessages: [BP_Player_C_0] This
[2020.01.20-23.11.06:460][ 38]LogBlueprintUserMessages: Early EndPlayMap Detection: Level '/Game/Maps/LEVEL1.LEVEL1:PersistentLevel' has LevelScriptBlueprint '/Game/Maps/LEVEL1.LEVEL1:PersistentLevel.LEVEL1' with GeneratedClass '/Game/Maps/LEVEL1.LEVEL1_C' with ClassGeneratedBy '/Game/Maps/LEVEL1.LEVEL1:PersistentLevel.LEVEL1'
[2020.01.20-23.11.06:460][ 38]LogSlate: Updating window title bar state: overlay mode, drag disabled, window buttons hidden, title bar hidden
[2020.01.20-23.11.06:460][ 38]LogWorld: BeginTearingDown for /Game/Maps/UEDPIE_0_LEVEL1
[2020.01.20-23.11.06:461][ 38]LogWorld: UWorld::CleanupWorld for LEVEL1, bSessionEnded=true, bCleanupResources=true
[2020.01.20-23.11.06:477][ 38]LogPlayLevel: Display: Shutting down PIE online subsystems
[2020.01.20-23.11.06:477][ 38]LogBlueprintUserMessages: Late EndPlayMap Detection: Level '/Game/Maps/LEVEL1.LEVEL1:PersistentLevel' has LevelScriptBlueprint '/Game/Maps/LEVEL1.LEVEL1:PersistentLevel.LEVEL1' with GeneratedClass '/Game/Maps/LEVEL1.LEVEL1_C' with ClassGeneratedBy '/Game/Maps/LEVEL1.LEVEL1:PersistentLevel.LEVEL1'
[2020.01.20-23.11.06:521][ 38]LogSlate: Updating window title bar state: overlay mode, drag disabled, window buttons hidden, title bar hidden
[2020.01.20-23.11.06:525][ 38]LogUObjectHash: Compacting FUObjectHashTables data took   3.22ms
[2020.01.20-23.11.06:557][ 40]LogPlayLevel: Display: Destroying online subsystem :Context_18
[2020.01.20-23.11.41:463][213]LogSlate: FSceneViewport::OnFocusLost() reason 5
[2020.01.20-23.13.36:741][654]LogUObjectHash: Compacting FUObjectHashTables data took   1.24ms
[2020.01.20-23.13.36:997][654]LogSavePackage: Moving '../../../../../../UnrealProjects/BPShotter115/MortisProject115/Saved/LEVEL1_Auto1696204904BEBBA29A89AE9BCF5EC6CC6.tmp' to '../../../../../../UnrealProjects/BPShotter115/MortisProject115/Saved/Autosaves/Game/Maps/LEVEL1_Auto1.umap'
[2020.01.20-23.13.37:003][654]LogFileHelpers: Editor autosave (incl. sublevels) for '/Game/Maps/LEVEL1' took 0.302
[2020.01.20-23.13.37:003][654]LogFileHelpers: Editor autosave (incl. sublevels) for all levels took 0.302
[2020.01.20-23.16.32:504][940]LogWorld: UWorld::CleanupWorld for World_12, bSessionEnded=true, bCleanupResources=true
[2020.01.20-23.16.35:843][ 39]LogAssetEditorManager: Opening Asset editor for Blueprint /Game/Blueprints/BP_ENEMY1.BP_ENEMY1
[2020.01.20-23.17.00:986][757]LogSlate: FSceneViewport::OnFocusLost() reason 0
[2020.01.20-23.17.02:453][782]LogAssetEditorManager: Opening Asset editor for Blueprint /Game/Blueprints/BP_ENEMY3.BP_ENEMY3
[2020.01.20-23.17.10:766][ 53]LogSlate: FSceneViewport::OnFocusLost() reason 2
[2020.01.20-23.17.16:048][135]LogSlate: FSceneViewport::OnFocusLost() reason 0
[2020.01.20-23.17.16:249][138]BlueprintLog: New page: Compile BP_ENEMY3
[2020.01.20-23.17.16:570][138]LogUObjectHash: Compacting FUObjectHashTables data took   4.35ms
[2020.01.20-23.17.18:576][168]Cmd: OBJ SAVEPACKAGE PACKAGE="/Game/Blueprints/BP_ENEMY3" FILE="../../../../../../UnrealProjects/BPShotter115/MortisProject115/Content/Blueprints/BP_ENEMY3.uasset" SILENT=true
[2020.01.20-23.17.18:599][168]LogSavePackage: Moving '../../../../../../UnrealProjects/BPShotter115/MortisProject115/Saved/BP_ENEMY350EDB1324E944F013B2C70AFF7751A4D.tmp' to '../../../../../../UnrealProjects/BPShotter115/MortisProject115/Content/Blueprints/BP_ENEMY3.uasset'
[2020.01.20-23.17.19:630][194]LogSlate: FSceneViewport::OnFocusLost() reason 0
[2020.01.20-23.17.20:997][220]LogTemp: Repeating last play command: Selected Viewport
[2020.01.20-23.17.21:016][220]LogBlueprintUserMessages: Early PlayInEditor Detection: Level '/Game/Maps/LEVEL1.LEVEL1:PersistentLevel' has LevelScriptBlueprint '/Game/Maps/LEVEL1.LEVEL1:PersistentLevel.LEVEL1' with GeneratedClass '/Game/Maps/LEVEL1.LEVEL1_C' with ClassGeneratedBy '/Game/Maps/LEVEL1.LEVEL1:PersistentLevel.LEVEL1'
[2020.01.20-23.17.21:016][220]LogPlayLevel: PlayLevel: No blueprints needed recompiling
[2020.01.20-23.17.21:016][220]PIE: New page: PIE session: LEVEL1 (Jan 20, 2020, 11:17:21 AM)
[2020.01.20-23.17.21:016][220]LogPlayLevel: Creating play world package: /Game/Maps/UEDPIE_0_LEVEL1
[2020.01.20-23.17.21:022][220]LogPlayLevel: PIE: StaticDuplicateObject took: (0.006177s)
[2020.01.20-23.17.21:023][220]LogAIModule: Creating AISystem for world LEVEL1
[2020.01.20-23.17.21:023][220]LogPlayLevel: PIE: World Init took: (0.001033s)
[2020.01.20-23.17.21:023][220]LogPlayLevel: PIE: Created PIE world by copying editor world from /Game/Maps/LEVEL1.LEVEL1 to /Game/Maps/UEDPIE_0_LEVEL1.LEVEL1 (0.007353s)
[2020.01.20-23.17.21:069][220]LogUObjectHash: Compacting FUObjectHashTables data took   3.44ms
[2020.01.20-23.17.21:089][220]LogInit: XAudio2 using 'HeadPhone/Digital Output (Realtek(R) Audio)' : 2 channels at 48 kHz using 32 bits per sample (channel mask 0x3)
[2020.01.20-23.17.21:100][220]LogInit: FAudioDevice initialized.
[2020.01.20-23.17.21:109][220]LogLoad: Game class is 'BP_GameRules_C'
[2020.01.20-23.17.21:112][220]LogWorld: Bringing World /Game/Maps/UEDPIE_0_LEVEL1.LEVEL1 up for play (max tick rate 0) at 2020.01.20-17.17.21
[2020.01.20-23.17.21:112][220]LogWorld: Bringing up level for play took: 0.002085
[2020.01.20-23.17.21:112][220]LogOnline: OSS: Creating online subsystem instance for: :Context_21
[2020.01.20-23.17.21:117][220]PIE: Play in editor start time for /Game/Maps/UEDPIE_0_LEVEL1 0.718
[2020.01.20-23.17.21:117][220]LogBlueprintUserMessages: Late PlayInEditor Detection: Level '/Game/Maps/LEVEL1.LEVEL1:PersistentLevel' has LevelScriptBlueprint '/Game/Maps/LEVEL1.LEVEL1:PersistentLevel.LEVEL1' with GeneratedClass '/Game/Maps/LEVEL1.LEVEL1_C' with ClassGeneratedBy '/Game/Maps/LEVEL1.LEVEL1:PersistentLevel.LEVEL1'
[2020.01.20-23.17.24:965][325]LogBlueprintUserMessages: [BP_Player_C_0] This
[2020.01.20-23.17.27:030][386]LogBlueprintUserMessages: [BP_Player_C_0] This
[2020.01.20-23.17.28:030][416]LogBlueprintUserMessages: [BP_Player_C_0] This
[2020.01.20-23.17.30:163][480]LogBlueprintUserMessages: [BP_Player_C_0] This
[2020.01.20-23.17.32:495][551]LogBlueprintUserMessages: [BP_Player_C_0] This
[2020.01.20-23.17.33:694][587]LogBlueprintUserMessages: [BP_Player_C_0] This
[2020.01.20-23.17.34:935][624]LogBlueprintUserMessages: [BP_Player_C_0] This
[2020.01.20-23.17.35:134][630]LogBlueprintUserMessages: [BP_Player_C_0] This
[2020.01.20-23.17.40:962][805]LogBlueprintUserMessages: Early EndPlayMap Detection: Level '/Game/Maps/LEVEL1.LEVEL1:PersistentLevel' has LevelScriptBlueprint '/Game/Maps/LEVEL1.LEVEL1:PersistentLevel.LEVEL1' with GeneratedClass '/Game/Maps/LEVEL1.LEVEL1_C' with ClassGeneratedBy '/Game/Maps/LEVEL1.LEVEL1:PersistentLevel.LEVEL1'
[2020.01.20-23.17.40:962][805]LogSlate: Updating window title bar state: overlay mode, drag disabled, window buttons hidden, title bar hidden
[2020.01.20-23.17.40:962][805]LogWorld: BeginTearingDown for /Game/Maps/UEDPIE_0_LEVEL1
[2020.01.20-23.17.40:963][805]LogWorld: UWorld::CleanupWorld for LEVEL1, bSessionEnded=true, bCleanupResources=true
[2020.01.20-23.17.41:049][805]LogPlayLevel: Display: Shutting down PIE online subsystems
[2020.01.20-23.17.41:049][805]LogBlueprintUserMessages: Late EndPlayMap Detection: Level '/Game/Maps/LEVEL1.LEVEL1:PersistentLevel' has LevelScriptBlueprint '/Game/Maps/LEVEL1.LEVEL1:PersistentLevel.LEVEL1' with GeneratedClass '/Game/Maps/LEVEL1.LEVEL1_C' with ClassGeneratedBy '/Game/Maps/LEVEL1.LEVEL1:PersistentLevel.LEVEL1'
[2020.01.20-23.17.41:158][805]LogSlate: Updating window title bar state: overlay mode, drag disabled, window buttons hidden, title bar hidden
[2020.01.20-23.17.41:166][805]LogUObjectHash: Compacting FUObjectHashTables data took   6.73ms
[2020.01.20-23.17.41:201][806]LogPlayLevel: Display: Destroying online subsystem :Context_21
[2020.01.20-23.17.50:045][938]LogSlate: FSceneViewport::OnFocusLost() reason 0
[2020.01.20-23.17.55:346][ 54]LogAssetEditorManager: Opening Asset editor for Blueprint /Game/Blueprints/BP_ENEMY2.BP_ENEMY2
[2020.01.20-23.18.13:337][640]LogSlate: FSceneViewport::OnFocusLost() reason 0
[2020.01.20-23.18.23:099][871]LogSlate: FSceneViewport::OnFocusLost() reason 0
[2020.01.20-23.18.23:598][876]Cmd: OBJ SAVEPACKAGE PACKAGE="/Game/Blueprints/BP_ENEMY3" FILE="../../../../../../UnrealProjects/BPShotter115/MortisProject115/Content/Blueprints/BP_ENEMY3.uasset" SILENT=true
[2020.01.20-23.18.23:610][876]LogSavePackage: Moving '../../../../../../UnrealProjects/BPShotter115/MortisProject115/Saved/BP_ENEMY3DD9A6B7444176D66DAF03C8AE79AF30E.tmp' to '../../../../../../UnrealProjects/BPShotter115/MortisProject115/Content/Blueprints/BP_ENEMY3.uasset'
[2020.01.20-23.18.24:432][892]LogSlate: FSceneViewport::OnFocusLost() reason 0
[2020.01.20-23.18.26:030][931]LogEditorViewport: Clicking on Actor (LMB): BP_ENEMY3_C (BP_ENEMY4)
[2020.01.20-23.18.27:097][963]Cmd: DELETE
[2020.01.20-23.18.27:097][963]Cmd: ACTOR DELETE
[2020.01.20-23.18.27:098][963]LogEditorActor: Deleted Actor: BP_ENEMY3_C
[2020.01.20-23.18.27:139][963]LogUObjectHash: Compacting FUObjectHashTables data took   1.18ms
[2020.01.20-23.18.27:139][963]LogEditorActor: Deleted 1 Actors (0.042 secs)
[2020.01.20-23.18.28:543][  2]LogSlate: FSceneViewport::OnFocusLost() reason 0
[2020.01.20-23.18.31:246][ 74]LogSlate: FSceneViewport::OnFocusLost() reason 0
[2020.01.20-23.18.31:579][ 79]LogTemp: Repeating last play command: Selected Viewport
[2020.01.20-23.18.31:598][ 79]LogBlueprintUserMessages: Early PlayInEditor Detection: Level '/Game/Maps/LEVEL1.LEVEL1:PersistentLevel' has LevelScriptBlueprint '/Game/Maps/LEVEL1.LEVEL1:PersistentLevel.LEVEL1' with GeneratedClass '/Game/Maps/LEVEL1.LEVEL1_C' with ClassGeneratedBy '/Game/Maps/LEVEL1.LEVEL1:PersistentLevel.LEVEL1'
[2020.01.20-23.18.31:598][ 79]LogPlayLevel: PlayLevel: No blueprints needed recompiling
[2020.01.20-23.18.31:598][ 79]PIE: New page: PIE session: LEVEL1 (Jan 20, 2020, 11:18:31 AM)
[2020.01.20-23.18.31:599][ 79]LogPlayLevel: Creating play world package: /Game/Maps/UEDPIE_0_LEVEL1
[2020.01.20-23.18.31:603][ 79]LogPlayLevel: PIE: StaticDuplicateObject took: (0.004088s)
[2020.01.20-23.18.31:603][ 79]LogAIModule: Creating AISystem for world LEVEL1
[2020.01.20-23.18.31:604][ 79]LogPlayLevel: PIE: World Init took: (0.000919s)
[2020.01.20-23.18.31:604][ 79]LogPlayLevel: PIE: Created PIE world by copying editor world from /Game/Maps/LEVEL1.LEVEL1 to /Game/Maps/UEDPIE_0_LEVEL1.LEVEL1 (0.005169s)
[2020.01.20-23.18.31:653][ 79]LogUObjectHash: Compacting FUObjectHashTables data took   3.44ms
[2020.01.20-23.18.31:672][ 79]LogInit: XAudio2 using 'HeadPhone/Digital Output (Realtek(R) Audio)' : 2 channels at 48 kHz using 32 bits per sample (channel mask 0x3)
[2020.01.20-23.18.31:683][ 79]LogInit: FAudioDevice initialized.
[2020.01.20-23.18.31:689][ 79]LogLoad: Game class is 'BP_GameRules_C'
[2020.01.20-23.18.31:692][ 79]LogWorld: Bringing World /Game/Maps/UEDPIE_0_LEVEL1.LEVEL1 up for play (max tick rate 0) at 2020.01.20-17.18.31
[2020.01.20-23.18.31:693][ 79]LogWorld: Bringing up level for play took: 0.002877
[2020.01.20-23.18.31:694][ 79]LogOnline: OSS: Creating online subsystem instance for: :Context_23
[2020.01.20-23.18.31:697][ 79]PIE: Play in editor start time for /Game/Maps/UEDPIE_0_LEVEL1 -0.702
[2020.01.20-23.18.31:698][ 79]LogBlueprintUserMessages: Late PlayInEditor Detection: Level '/Game/Maps/LEVEL1.LEVEL1:PersistentLevel' has LevelScriptBlueprint '/Game/Maps/LEVEL1.LEVEL1:PersistentLevel.LEVEL1' with GeneratedClass '/Game/Maps/LEVEL1.LEVEL1_C' with ClassGeneratedBy '/Game/Maps/LEVEL1.LEVEL1:PersistentLevel.LEVEL1'
[2020.01.20-23.18.32:482][102]LogBlueprintUserMessages: [BP_Player_C_0] This
[2020.01.20-23.18.36:113][211]LogBlueprintUserMessages: [BP_Player_C_0] This
[2020.01.20-23.18.38:746][290]LogBlueprintUserMessages: [BP_Player_C_0] This
[2020.01.20-23.18.38:979][297]LogBlueprintUserMessages: [BP_Player_C_0] This
[2020.01.20-23.18.39:145][302]LogBlueprintUserMessages: [BP_Player_C_0] This
[2020.01.20-23.18.39:345][308]LogBlueprintUserMessages: [BP_Player_C_0] This
[2020.01.20-23.18.39:479][312]LogBlueprintUserMessages: [BP_Player_C_0] This
[2020.01.20-23.18.39:612][316]LogBlueprintUserMessages: [BP_Player_C_0] This
